{"numFailedTestSuites":9,"numFailedTests":0,"numPassedTestSuites":7,"numPassedTests":85,"numPendingTestSuites":0,"numPendingTests":0,"numRuntimeErrorTestSuites":9,"numTodoTests":0,"numTotalTestSuites":16,"numTotalTests":85,"openHandles":[],"snapshot":{"added":0,"didUpdate":false,"failure":false,"filesAdded":0,"filesRemoved":0,"filesRemovedList":[],"filesUnmatched":0,"filesUpdated":0,"matched":0,"total":0,"unchecked":0,"uncheckedKeysByFile":[],"unmatched":0,"updated":0},"startTime":1763491027028,"success":false,"testResults":[{"assertionResults":[{"ancestorTitles":["Button Component"],"duration":44,"failing":false,"failureDetails":[],"failureMessages":[],"fullName":"Button Component renders with default props","invocations":1,"location":null,"numPassingAsserts":3,"retryReasons":[],"startAt":1763491027685,"status":"passed","title":"renders with default props"},{"ancestorTitles":["Button Component"],"duration":2,"failing":false,"failureDetails":[],"failureMessages":[],"fullName":"Button Component renders with custom text","invocations":1,"location":null,"numPassingAsserts":1,"retryReasons":[],"startAt":1763491027729,"status":"passed","title":"renders with custom text"},{"ancestorTitles":["Button Component"],"duration":13,"failing":false,"failureDetails":[],"failureMessages":[],"fullName":"Button Component applies variant classes correctly","invocations":1,"location":null,"numPassingAsserts":4,"retryReasons":[],"startAt":1763491027731,"status":"passed","title":"applies variant classes correctly"},{"ancestorTitles":["Button Component"],"duration":6,"failing":false,"failureDetails":[],"failureMessages":[],"fullName":"Button Component applies size classes correctly","invocations":1,"location":null,"numPassingAsserts":4,"retryReasons":[],"startAt":1763491027745,"status":"passed","title":"applies size classes correctly"},{"ancestorTitles":["Button Component"],"duration":17,"failing":false,"failureDetails":[],"failureMessages":[],"fullName":"Button Component handles click events","invocations":1,"location":null,"numPassingAsserts":1,"retryReasons":[],"startAt":1763491027751,"status":"passed","title":"handles click events"},{"ancestorTitles":["Button Component"],"duration":2,"failing":false,"failureDetails":[],"failureMessages":[],"fullName":"Button Component is disabled when disabled prop is true","invocations":1,"location":null,"numPassingAsserts":2,"retryReasons":[],"startAt":1763491027768,"status":"passed","title":"is disabled when disabled prop is true"},{"ancestorTitles":["Button Component"],"duration":3,"failing":false,"failureDetails":[],"failureMessages":[],"fullName":"Button Component shows loading state correctly","invocations":1,"location":null,"numPassingAsserts":2,"retryReasons":[],"startAt":1763491027770,"status":"passed","title":"shows loading state correctly"},{"ancestorTitles":["Button Component"],"duration":8,"failing":false,"failureDetails":[],"failureMessages":[],"fullName":"Button Component does not trigger click when loading","invocations":1,"location":null,"numPassingAsserts":1,"retryReasons":[],"startAt":1763491027773,"status":"passed","title":"does not trigger click when loading"},{"ancestorTitles":["Button Component"],"duration":3,"failing":false,"failureDetails":[],"failureMessages":[],"fullName":"Button Component applies custom className","invocations":1,"location":null,"numPassingAsserts":1,"retryReasons":[],"startAt":1763491027781,"status":"passed","title":"applies custom className"},{"ancestorTitles":["Button Component"],"duration":1,"failing":false,"failureDetails":[],"failureMessages":[],"fullName":"Button Component forwards ref correctly","invocations":1,"location":null,"numPassingAsserts":1,"retryReasons":[],"startAt":1763491027784,"status":"passed","title":"forwards ref correctly"},{"ancestorTitles":["Button Component"],"duration":1,"failing":false,"failureDetails":[],"failureMessages":[],"fullName":"Button Component supports all HTML button attributes","invocations":1,"location":null,"numPassingAsserts":3,"retryReasons":[],"startAt":1763491027785,"status":"passed","title":"supports all HTML button attributes"}],"endTime":1763491027787,"message":"","name":"/Users/theeskapeum/Documents/augment-projects/OneDettyDecember/platform/src/components/ui/__tests__/button.test.tsx","startTime":1763491027323,"status":"passed","summary":""},{"assertionResults":[{"ancestorTitles":["Authentication Schema Migrations","User Authentication Schema"],"duration":0,"failing":false,"failureDetails":[],"failureMessages":[],"fullName":"Authentication Schema Migrations User Authentication Schema validates user table has authentication fields","invocations":1,"location":null,"numPassingAsserts":4,"retryReasons":[],"startAt":1763491027838,"status":"passed","title":"validates user table has authentication fields"},{"ancestorTitles":["Authentication Schema Migrations","User Authentication Schema"],"duration":1,"failing":false,"failureDetails":[],"failureMessages":[],"fullName":"Authentication Schema Migrations User Authentication Schema validates password field is properly secured","invocations":1,"location":null,"numPassingAsserts":2,"retryReasons":[],"startAt":1763491027838,"status":"passed","title":"validates password field is properly secured"},{"ancestorTitles":["Authentication Schema Migrations","User Sessions Schema"],"duration":2,"failing":false,"failureDetails":[],"failureMessages":[],"fullName":"Authentication Schema Migrations User Sessions Schema validates user_sessions table structure","invocations":1,"location":null,"numPassingAsserts":6,"retryReasons":[],"startAt":1763491027839,"status":"passed","title":"validates user_sessions table structure"},{"ancestorTitles":["Authentication Schema Migrations","User Sessions Schema"],"duration":5,"failing":false,"failureDetails":[],"failureMessages":[],"fullName":"Authentication Schema Migrations User Sessions Schema validates session token uniqueness","invocations":1,"location":null,"numPassingAsserts":2,"retryReasons":[],"startAt":1763491027841,"status":"passed","title":"validates session token uniqueness"},{"ancestorTitles":["Authentication Schema Migrations","User Sessions Schema"],"duration":0,"failing":false,"failureDetails":[],"failureMessages":[],"fullName":"Authentication Schema Migrations User Sessions Schema validates session cleanup on user deletion","invocations":1,"location":null,"numPassingAsserts":1,"retryReasons":[],"startAt":1763491027847,"status":"passed","title":"validates session cleanup on user deletion"},{"ancestorTitles":["Authentication Schema Migrations","OAuth Accounts Schema"],"duration":0,"failing":false,"failureDetails":[],"failureMessages":[],"fullName":"Authentication Schema Migrations OAuth Accounts Schema validates oauth_accounts table structure","invocations":1,"location":null,"numPassingAsserts":4,"retryReasons":[],"startAt":1763491027847,"status":"passed","title":"validates oauth_accounts table structure"},{"ancestorTitles":["Authentication Schema Migrations","OAuth Accounts Schema"],"duration":1,"failing":false,"failureDetails":[],"failureMessages":[],"fullName":"Authentication Schema Migrations OAuth Accounts Schema validates OAuth provider uniqueness per user","invocations":1,"location":null,"numPassingAsserts":2,"retryReasons":[],"startAt":1763491027847,"status":"passed","title":"validates OAuth provider uniqueness per user"},{"ancestorTitles":["Authentication Schema Migrations","Email Verification Tokens Schema"],"duration":0,"failing":false,"failureDetails":[],"failureMessages":[],"fullName":"Authentication Schema Migrations Email Verification Tokens Schema validates email_verification_tokens table structure","invocations":1,"location":null,"numPassingAsserts":3,"retryReasons":[],"startAt":1763491027848,"status":"passed","title":"validates email_verification_tokens table structure"},{"ancestorTitles":["Authentication Schema Migrations","Email Verification Tokens Schema"],"duration":1,"failing":false,"failureDetails":[],"failureMessages":[],"fullName":"Authentication Schema Migrations Email Verification Tokens Schema validates token expiration logic","invocations":1,"location":null,"numPassingAsserts":2,"retryReasons":[],"startAt":1763491027848,"status":"passed","title":"validates token expiration logic"},{"ancestorTitles":["Authentication Schema Migrations","Email Verification Tokens Schema"],"duration":0,"failing":false,"failureDetails":[],"failureMessages":[],"fullName":"Authentication Schema Migrations Email Verification Tokens Schema validates token cleanup after verification","invocations":1,"location":null,"numPassingAsserts":1,"retryReasons":[],"startAt":1763491027849,"status":"passed","title":"validates token cleanup after verification"},{"ancestorTitles":["Authentication Schema Migrations","Password Reset Tokens Schema"],"duration":0,"failing":false,"failureDetails":[],"failureMessages":[],"fullName":"Authentication Schema Migrations Password Reset Tokens Schema validates password_reset_tokens table structure","invocations":1,"location":null,"numPassingAsserts":4,"retryReasons":[],"startAt":1763491027849,"status":"passed","title":"validates password_reset_tokens table structure"},{"ancestorTitles":["Authentication Schema Migrations","Password Reset Tokens Schema"],"duration":0,"failing":false,"failureDetails":[],"failureMessages":[],"fullName":"Authentication Schema Migrations Password Reset Tokens Schema validates token single-use constraint","invocations":1,"location":null,"numPassingAsserts":1,"retryReasons":[],"startAt":1763491027850,"status":"passed","title":"validates token single-use constraint"},{"ancestorTitles":["Authentication Schema Migrations","Password Reset Tokens Schema"],"duration":0,"failing":false,"failureDetails":[],"failureMessages":[],"fullName":"Authentication Schema Migrations Password Reset Tokens Schema validates automatic token cleanup","invocations":1,"location":null,"numPassingAsserts":1,"retryReasons":[],"startAt":1763491027850,"status":"passed","title":"validates automatic token cleanup"},{"ancestorTitles":["Authentication Schema Migrations","Authentication Indexes"],"duration":0,"failing":false,"failureDetails":[],"failureMessages":[],"fullName":"Authentication Schema Migrations Authentication Indexes validates performance-critical indexes exist","invocations":1,"location":null,"numPassingAsserts":6,"retryReasons":[],"startAt":1763491027850,"status":"passed","title":"validates performance-critical indexes exist"},{"ancestorTitles":["Authentication Schema Migrations","Data Security Validation"],"duration":1,"failing":false,"failureDetails":[],"failureMessages":[],"fullName":"Authentication Schema Migrations Data Security Validation validates sensitive data encryption at rest","invocations":1,"location":null,"numPassingAsserts":3,"retryReasons":[],"startAt":1763491027850,"status":"passed","title":"validates sensitive data encryption at rest"},{"ancestorTitles":["Authentication Schema Migrations","Data Security Validation"],"duration":0,"failing":false,"failureDetails":[],"failureMessages":[],"fullName":"Authentication Schema Migrations Data Security Validation validates token randomness and length","invocations":1,"location":null,"numPassingAsserts":2,"retryReasons":[],"startAt":1763491027851,"status":"passed","title":"validates token randomness and length"}],"endTime":1763491027851,"message":"","name":"/Users/theeskapeum/Documents/augment-projects/OneDettyDecember/platform/src/lib/__tests__/auth-schema-migrations.test.ts","startTime":1763491027795,"status":"passed","summary":""},{"assertionResults":[{"ancestorTitles":["Card Component"],"duration":4,"failing":false,"failureDetails":[],"failureMessages":[],"fullName":"Card Component renders with default props","invocations":1,"location":null,"numPassingAsserts":2,"retryReasons":[],"startAt":1763491027929,"status":"passed","title":"renders with default props"},{"ancestorTitles":["Card Component"],"duration":4,"failing":false,"failureDetails":[],"failureMessages":[],"fullName":"Card Component applies variant classes correctly","invocations":1,"location":null,"numPassingAsserts":5,"retryReasons":[],"startAt":1763491027933,"status":"passed","title":"applies variant classes correctly"},{"ancestorTitles":["Card Component"],"duration":1,"failing":false,"failureDetails":[],"failureMessages":[],"fullName":"Card Component applies size classes correctly","invocations":1,"location":null,"numPassingAsserts":2,"retryReasons":[],"startAt":1763491027937,"status":"passed","title":"applies size classes correctly"},{"ancestorTitles":["Card Component"],"duration":1,"failing":false,"failureDetails":[],"failureMessages":[],"fullName":"Card Component applies custom className","invocations":1,"location":null,"numPassingAsserts":1,"retryReasons":[],"startAt":1763491027938,"status":"passed","title":"applies custom className"},{"ancestorTitles":["Card Component"],"duration":1,"failing":false,"failureDetails":[],"failureMessages":[],"fullName":"Card Component forwards ref correctly","invocations":1,"location":null,"numPassingAsserts":1,"retryReasons":[],"startAt":1763491027939,"status":"passed","title":"forwards ref correctly"},{"ancestorTitles":["CardHeader Component"],"duration":1,"failing":false,"failureDetails":[],"failureMessages":[],"fullName":"CardHeader Component renders with default classes","invocations":1,"location":null,"numPassingAsserts":2,"retryReasons":[],"startAt":1763491027940,"status":"passed","title":"renders with default classes"},{"ancestorTitles":["CardHeader Component"],"duration":0,"failing":false,"failureDetails":[],"failureMessages":[],"fullName":"CardHeader Component applies custom className","invocations":1,"location":null,"numPassingAsserts":1,"retryReasons":[],"startAt":1763491027941,"status":"passed","title":"applies custom className"},{"ancestorTitles":["CardTitle Component"],"duration":7,"failing":false,"failureDetails":[],"failureMessages":[],"fullName":"CardTitle Component renders as h3 with correct classes","invocations":1,"location":null,"numPassingAsserts":3,"retryReasons":[],"startAt":1763491027941,"status":"passed","title":"renders as h3 with correct classes"},{"ancestorTitles":["CardTitle Component"],"duration":2,"failing":false,"failureDetails":[],"failureMessages":[],"fullName":"CardTitle Component applies custom className","invocations":1,"location":null,"numPassingAsserts":1,"retryReasons":[],"startAt":1763491027948,"status":"passed","title":"applies custom className"},{"ancestorTitles":["CardDescription Component"],"duration":1,"failing":false,"failureDetails":[],"failureMessages":[],"fullName":"CardDescription Component renders with correct classes","invocations":1,"location":null,"numPassingAsserts":3,"retryReasons":[],"startAt":1763491027950,"status":"passed","title":"renders with correct classes"},{"ancestorTitles":["CardDescription Component"],"duration":1,"failing":false,"failureDetails":[],"failureMessages":[],"fullName":"CardDescription Component applies custom className","invocations":1,"location":null,"numPassingAsserts":1,"retryReasons":[],"startAt":1763491027951,"status":"passed","title":"applies custom className"},{"ancestorTitles":["CardContent Component"],"duration":1,"failing":false,"failureDetails":[],"failureMessages":[],"fullName":"CardContent Component renders with default classes","invocations":1,"location":null,"numPassingAsserts":3,"retryReasons":[],"startAt":1763491027952,"status":"passed","title":"renders with default classes"},{"ancestorTitles":["CardContent Component"],"duration":0,"failing":false,"failureDetails":[],"failureMessages":[],"fullName":"CardContent Component applies custom className","invocations":1,"location":null,"numPassingAsserts":1,"retryReasons":[],"startAt":1763491027953,"status":"passed","title":"applies custom className"},{"ancestorTitles":["CardFooter Component"],"duration":1,"failing":false,"failureDetails":[],"failureMessages":[],"fullName":"CardFooter Component renders with default classes","invocations":1,"location":null,"numPassingAsserts":3,"retryReasons":[],"startAt":1763491027953,"status":"passed","title":"renders with default classes"},{"ancestorTitles":["CardFooter Component"],"duration":0,"failing":false,"failureDetails":[],"failureMessages":[],"fullName":"CardFooter Component applies custom className","invocations":1,"location":null,"numPassingAsserts":1,"retryReasons":[],"startAt":1763491027954,"status":"passed","title":"applies custom className"},{"ancestorTitles":["Card Component Integration"],"duration":6,"failing":false,"failureDetails":[],"failureMessages":[],"fullName":"Card Component Integration renders complete card with all sections","invocations":1,"location":null,"numPassingAsserts":5,"retryReasons":[],"startAt":1763491027954,"status":"passed","title":"renders complete card with all sections"}],"endTime":1763491027960,"message":"","name":"/Users/theeskapeum/Documents/augment-projects/OneDettyDecember/platform/src/components/ui/__tests__/card.test.tsx","startTime":1763491027858,"status":"passed","summary":""},{"assertionResults":[{"ancestorTitles":["Waitlist API Validation","waitlistSchema validation"],"duration":1,"failing":false,"failureDetails":[],"failureMessages":[],"fullName":"Waitlist API Validation waitlistSchema validation validates correct email format","invocations":1,"location":null,"numPassingAsserts":1,"retryReasons":[],"startAt":1763491028031,"status":"passed","title":"validates correct email format"},{"ancestorTitles":["Waitlist API Validation","waitlistSchema validation"],"duration":0,"failing":false,"failureDetails":[],"failureMessages":[],"fullName":"Waitlist API Validation waitlistSchema validation rejects invalid email format","invocations":1,"location":null,"numPassingAsserts":3,"retryReasons":[],"startAt":1763491028032,"status":"passed","title":"rejects invalid email format"},{"ancestorTitles":["Waitlist API Validation","waitlistSchema validation"],"duration":1,"failing":false,"failureDetails":[],"failureMessages":[],"fullName":"Waitlist API Validation waitlistSchema validation accepts optional firstName and lastName","invocations":1,"location":null,"numPassingAsserts":1,"retryReasons":[],"startAt":1763491028032,"status":"passed","title":"accepts optional firstName and lastName"},{"ancestorTitles":["Waitlist API Validation","waitlistSchema validation"],"duration":0,"failing":false,"failureDetails":[],"failureMessages":[],"fullName":"Waitlist API Validation waitlistSchema validation rejects firstName that is too long","invocations":1,"location":null,"numPassingAsserts":1,"retryReasons":[],"startAt":1763491028033,"status":"passed","title":"rejects firstName that is too long"},{"ancestorTitles":["Waitlist API Validation","waitlistSchema validation"],"duration":0,"failing":false,"failureDetails":[],"failureMessages":[],"fullName":"Waitlist API Validation waitlistSchema validation accepts valid source field","invocations":1,"location":null,"numPassingAsserts":1,"retryReasons":[],"startAt":1763491028033,"status":"passed","title":"accepts valid source field"},{"ancestorTitles":["Waitlist API Validation","waitlistSchema validation"],"duration":0,"failing":false,"failureDetails":[],"failureMessages":[],"fullName":"Waitlist API Validation waitlistSchema validation rejects source that is too long","invocations":1,"location":null,"numPassingAsserts":1,"retryReasons":[],"startAt":1763491028033,"status":"passed","title":"rejects source that is too long"},{"ancestorTitles":["Waitlist API Validation","waitlistSchema validation"],"duration":0,"failing":false,"failureDetails":[],"failureMessages":[],"fullName":"Waitlist API Validation waitlistSchema validation requires email field","invocations":1,"location":null,"numPassingAsserts":1,"retryReasons":[],"startAt":1763491028033,"status":"passed","title":"requires email field"},{"ancestorTitles":["Waitlist API Validation","waitlistSchema validation"],"duration":1,"failing":false,"failureDetails":[],"failureMessages":[],"fullName":"Waitlist API Validation waitlistSchema validation validates complete valid entry","invocations":1,"location":null,"numPassingAsserts":2,"retryReasons":[],"startAt":1763491028033,"status":"passed","title":"validates complete valid entry"},{"ancestorTitles":["Waitlist API Validation","Email validation edge cases"],"duration":0,"failing":false,"failureDetails":[],"failureMessages":[],"fullName":"Waitlist API Validation Email validation edge cases accepts various valid email formats","invocations":1,"location":null,"numPassingAsserts":4,"retryReasons":[],"startAt":1763491028034,"status":"passed","title":"accepts various valid email formats"},{"ancestorTitles":["Waitlist API Validation","Email validation edge cases"],"duration":0,"failing":false,"failureDetails":[],"failureMessages":[],"fullName":"Waitlist API Validation Email validation edge cases rejects invalid email formats","invocations":1,"location":null,"numPassingAsserts":6,"retryReasons":[],"startAt":1763491028034,"status":"passed","title":"rejects invalid email formats"}],"endTime":1763491028035,"message":"","name":"/Users/theeskapeum/Documents/augment-projects/OneDettyDecember/platform/src/app/api/waitlist/__tests__/route.test.ts","startTime":1763491027968,"status":"passed","summary":""},{"assertionResults":[{"ancestorTitles":["Row Level Security (RLS) Policies","User Data Access Policies"],"duration":1,"failing":false,"failureDetails":[],"failureMessages":[],"fullName":"Row Level Security (RLS) Policies User Data Access Policies allows users to read their own profile data","invocations":1,"location":null,"numPassingAsserts":2,"retryReasons":[],"startAt":1763491028074,"status":"passed","title":"allows users to read their own profile data"},{"ancestorTitles":["Row Level Security (RLS) Policies","User Data Access Policies"],"duration":0,"failing":false,"failureDetails":[],"failureMessages":[],"fullName":"Row Level Security (RLS) Policies User Data Access Policies prevents users from accessing other users' private data","invocations":1,"location":null,"numPassingAsserts":1,"retryReasons":[],"startAt":1763491028075,"status":"passed","title":"prevents users from accessing other users' private data"},{"ancestorTitles":["Row Level Security (RLS) Policies","User Data Access Policies"],"duration":0,"failing":false,"failureDetails":[],"failureMessages":[],"fullName":"Row Level Security (RLS) Policies User Data Access Policies allows users to update their own profile","invocations":1,"location":null,"numPassingAsserts":2,"retryReasons":[],"startAt":1763491028075,"status":"passed","title":"allows users to update their own profile"},{"ancestorTitles":["Row Level Security (RLS) Policies","User Data Access Policies"],"duration":4,"failing":false,"failureDetails":[],"failureMessages":[],"fullName":"Row Level Security (RLS) Policies User Data Access Policies prevents users from updating other users' profiles","invocations":1,"location":null,"numPassingAsserts":1,"retryReasons":[],"startAt":1763491028075,"status":"passed","title":"prevents users from updating other users' profiles"},{"ancestorTitles":["Row Level Security (RLS) Policies","Booking Access Policies"],"duration":0,"failing":false,"failureDetails":[],"failureMessages":[],"fullName":"Row Level Security (RLS) Policies Booking Access Policies allows users to view their own bookings","invocations":1,"location":null,"numPassingAsserts":2,"retryReasons":[],"startAt":1763491028079,"status":"passed","title":"allows users to view their own bookings"},{"ancestorTitles":["Row Level Security (RLS) Policies","Booking Access Policies"],"duration":0,"failing":false,"failureDetails":[],"failureMessages":[],"fullName":"Row Level Security (RLS) Policies Booking Access Policies prevents users from viewing other users' bookings","invocations":1,"location":null,"numPassingAsserts":1,"retryReasons":[],"startAt":1763491028079,"status":"passed","title":"prevents users from viewing other users' bookings"},{"ancestorTitles":["Row Level Security (RLS) Policies","Booking Access Policies"],"duration":0,"failing":false,"failureDetails":[],"failureMessages":[],"fullName":"Row Level Security (RLS) Policies Booking Access Policies allows vendors to view bookings for their packages","invocations":1,"location":null,"numPassingAsserts":2,"retryReasons":[],"startAt":1763491028079,"status":"passed","title":"allows vendors to view bookings for their packages"},{"ancestorTitles":["Row Level Security (RLS) Policies","Review Access Policies"],"duration":0,"failing":false,"failureDetails":[],"failureMessages":[],"fullName":"Row Level Security (RLS) Policies Review Access Policies allows users to create reviews for their own bookings","invocations":1,"location":null,"numPassingAsserts":1,"retryReasons":[],"startAt":1763491028079,"status":"passed","title":"allows users to create reviews for their own bookings"},{"ancestorTitles":["Row Level Security (RLS) Policies","Review Access Policies"],"duration":1,"failing":false,"failureDetails":[],"failureMessages":[],"fullName":"Row Level Security (RLS) Policies Review Access Policies prevents users from creating reviews for others' bookings","invocations":1,"location":null,"numPassingAsserts":1,"retryReasons":[],"startAt":1763491028079,"status":"passed","title":"prevents users from creating reviews for others' bookings"},{"ancestorTitles":["Row Level Security (RLS) Policies","Review Access Policies"],"duration":0,"failing":false,"failureDetails":[],"failureMessages":[],"fullName":"Row Level Security (RLS) Policies Review Access Policies allows public read access to reviews","invocations":1,"location":null,"numPassingAsserts":1,"retryReasons":[],"startAt":1763491028080,"status":"passed","title":"allows public read access to reviews"},{"ancestorTitles":["Row Level Security (RLS) Policies","Vendor Data Access Policies"],"duration":0,"failing":false,"failureDetails":[],"failureMessages":[],"fullName":"Row Level Security (RLS) Policies Vendor Data Access Policies allows vendors to manage their own vendor profile","invocations":1,"location":null,"numPassingAsserts":2,"retryReasons":[],"startAt":1763491028080,"status":"passed","title":"allows vendors to manage their own vendor profile"},{"ancestorTitles":["Row Level Security (RLS) Policies","Vendor Data Access Policies"],"duration":0,"failing":false,"failureDetails":[],"failureMessages":[],"fullName":"Row Level Security (RLS) Policies Vendor Data Access Policies prevents vendors from accessing other vendors' data","invocations":1,"location":null,"numPassingAsserts":1,"retryReasons":[],"startAt":1763491028080,"status":"passed","title":"prevents vendors from accessing other vendors' data"},{"ancestorTitles":["Row Level Security (RLS) Policies","Vendor Data Access Policies"],"duration":0,"failing":false,"failureDetails":[],"failureMessages":[],"fullName":"Row Level Security (RLS) Policies Vendor Data Access Policies allows vendors to manage their own packages","invocations":1,"location":null,"numPassingAsserts":2,"retryReasons":[],"startAt":1763491028080,"status":"passed","title":"allows vendors to manage their own packages"},{"ancestorTitles":["Row Level Security (RLS) Policies","Admin Access Policies"],"duration":0,"failing":false,"failureDetails":[],"failureMessages":[],"fullName":"Row Level Security (RLS) Policies Admin Access Policies allows admins to access all user data","invocations":1,"location":null,"numPassingAsserts":1,"retryReasons":[],"startAt":1763491028080,"status":"passed","title":"allows admins to access all user data"},{"ancestorTitles":["Row Level Security (RLS) Policies","Admin Access Policies"],"duration":1,"failing":false,"failureDetails":[],"failureMessages":[],"fullName":"Row Level Security (RLS) Policies Admin Access Policies allows admins to manage vendor approvals","invocations":1,"location":null,"numPassingAsserts":1,"retryReasons":[],"startAt":1763491028080,"status":"passed","title":"allows admins to manage vendor approvals"},{"ancestorTitles":["Row Level Security (RLS) Policies","RLS Policy Validation"],"duration":0,"failing":false,"failureDetails":[],"failureMessages":[],"fullName":"Row Level Security (RLS) Policies RLS Policy Validation validates RLS policies are enabled on all tables","invocations":1,"location":null,"numPassingAsserts":7,"retryReasons":[],"startAt":1763491028081,"status":"passed","title":"validates RLS policies are enabled on all tables"},{"ancestorTitles":["Row Level Security (RLS) Policies","RLS Policy Validation"],"duration":0,"failing":false,"failureDetails":[],"failureMessages":[],"fullName":"Row Level Security (RLS) Policies RLS Policy Validation validates required RLS policies exist","invocations":1,"location":null,"numPassingAsserts":5,"retryReasons":[],"startAt":1763491028081,"status":"passed","title":"validates required RLS policies exist"},{"ancestorTitles":["Row Level Security (RLS) Policies","Security Edge Cases"],"duration":0,"failing":false,"failureDetails":[],"failureMessages":[],"fullName":"Row Level Security (RLS) Policies Security Edge Cases prevents SQL injection in RLS policies","invocations":1,"location":null,"numPassingAsserts":1,"retryReasons":[],"startAt":1763491028082,"status":"passed","title":"prevents SQL injection in RLS policies"},{"ancestorTitles":["Row Level Security (RLS) Policies","Security Edge Cases"],"duration":0,"failing":false,"failureDetails":[],"failureMessages":[],"fullName":"Row Level Security (RLS) Policies Security Edge Cases handles null user context gracefully","invocations":1,"location":null,"numPassingAsserts":1,"retryReasons":[],"startAt":1763491028082,"status":"passed","title":"handles null user context gracefully"},{"ancestorTitles":["Row Level Security (RLS) Policies","Security Edge Cases"],"duration":0,"failing":false,"failureDetails":[],"failureMessages":[],"fullName":"Row Level Security (RLS) Policies Security Edge Cases validates role-based access control","invocations":1,"location":null,"numPassingAsserts":1,"retryReasons":[],"startAt":1763491028082,"status":"passed","title":"validates role-based access control"}],"endTime":1763491028082,"message":"","name":"/Users/theeskapeum/Documents/augment-projects/OneDettyDecember/platform/src/lib/__tests__/rls-policies.test.ts","startTime":1763491028038,"status":"passed","summary":""},{"assertionResults":[{"ancestorTitles":["Database Migrations","Schema Validation"],"duration":1,"failing":false,"failureDetails":[],"failureMessages":[],"fullName":"Database Migrations Schema Validation validates all required tables exist","invocations":1,"location":null,"numPassingAsserts":13,"retryReasons":[],"startAt":1763491028119,"status":"passed","title":"validates all required tables exist"},{"ancestorTitles":["Database Migrations","Schema Validation"],"duration":0,"failing":false,"failureDetails":[],"failureMessages":[],"fullName":"Database Migrations Schema Validation validates required indexes exist","invocations":1,"location":null,"numPassingAsserts":10,"retryReasons":[],"startAt":1763491028120,"status":"passed","title":"validates required indexes exist"},{"ancestorTitles":["Database Migrations","Schema Validation"],"duration":1,"failing":false,"failureDetails":[],"failureMessages":[],"fullName":"Database Migrations Schema Validation validates foreign key constraints exist","invocations":1,"location":null,"numPassingAsserts":10,"retryReasons":[],"startAt":1763491028120,"status":"passed","title":"validates foreign key constraints exist"},{"ancestorTitles":["Database Migrations","Schema Validation"],"duration":1,"failing":false,"failureDetails":[],"failureMessages":[],"fullName":"Database Migrations Schema Validation validates enum types exist","invocations":1,"location":null,"numPassingAsserts":9,"retryReasons":[],"startAt":1763491028122,"status":"passed","title":"validates enum types exist"},{"ancestorTitles":["Database Migrations","Data Integrity"],"duration":2,"failing":false,"failureDetails":[],"failureMessages":[],"fullName":"Database Migrations Data Integrity validates unique constraints work correctly","invocations":1,"location":null,"numPassingAsserts":2,"retryReasons":[],"startAt":1763491028123,"status":"passed","title":"validates unique constraints work correctly"},{"ancestorTitles":["Database Migrations","Data Integrity"],"duration":1,"failing":false,"failureDetails":[],"failureMessages":[],"fullName":"Database Migrations Data Integrity validates cascade deletes work correctly","invocations":1,"location":null,"numPassingAsserts":1,"retryReasons":[],"startAt":1763491028125,"status":"passed","title":"validates cascade deletes work correctly"},{"ancestorTitles":["Database Migrations","Data Integrity"],"duration":0,"failing":false,"failureDetails":[],"failureMessages":[],"fullName":"Database Migrations Data Integrity validates check constraints work correctly","invocations":1,"location":null,"numPassingAsserts":1,"retryReasons":[],"startAt":1763491028126,"status":"passed","title":"validates check constraints work correctly"},{"ancestorTitles":["Database Migrations","Performance Validation"],"duration":0,"failing":false,"failureDetails":[],"failureMessages":[],"fullName":"Database Migrations Performance Validation validates query performance with indexes","invocations":1,"location":null,"numPassingAsserts":2,"retryReasons":[],"startAt":1763491028126,"status":"passed","title":"validates query performance with indexes"},{"ancestorTitles":["Database Migrations","Performance Validation"],"duration":0,"failing":false,"failureDetails":[],"failureMessages":[],"fullName":"Database Migrations Performance Validation validates complex query performance","invocations":1,"location":null,"numPassingAsserts":1,"retryReasons":[],"startAt":1763491028126,"status":"passed","title":"validates complex query performance"},{"ancestorTitles":["Database Migrations","Migration Rollback"],"duration":0,"failing":false,"failureDetails":[],"failureMessages":[],"fullName":"Database Migrations Migration Rollback validates migration rollback works correctly","invocations":1,"location":null,"numPassingAsserts":1,"retryReasons":[],"startAt":1763491028126,"status":"passed","title":"validates migration rollback works correctly"},{"ancestorTitles":["Database Migrations","Migration Rollback"],"duration":0,"failing":false,"failureDetails":[],"failureMessages":[],"fullName":"Database Migrations Migration Rollback validates data preservation during rollback","invocations":1,"location":null,"numPassingAsserts":1,"retryReasons":[],"startAt":1763491028126,"status":"passed","title":"validates data preservation during rollback"}],"endTime":1763491028127,"message":"","name":"/Users/theeskapeum/Documents/augment-projects/OneDettyDecember/platform/src/lib/__tests__/database-migrations.test.ts","startTime":1763491028086,"status":"passed","summary":""},{"assertionResults":[{"ancestorTitles":["Example Unit Test"],"duration":0,"failing":false,"failureDetails":[],"failureMessages":[],"fullName":"Example Unit Test should pass basic test","invocations":1,"location":null,"numPassingAsserts":1,"retryReasons":[],"startAt":1763491028156,"status":"passed","title":"should pass basic test"}],"endTime":1763491028157,"message":"","name":"/Users/theeskapeum/Documents/augment-projects/OneDettyDecember/platform/src/lib/__tests__/example.test.ts","startTime":1763491028131,"status":"passed","summary":""},{"assertionResults":[],"coverage":{},"endTime":1763491029315,"message":"  ● Test suite failed to run\n\n    Configuration error:\n\n    Could not locate module @/lib/oauth/google mapped as:\n    /Users/theeskapeum/Documents/augment-projects/OneDettyDecember/platform/src/$1.\n\n    Please check your configuration for these entries:\n    {\n      \"moduleNameMapper\": {\n        \"/^@\\/(.*)$/\": \"/Users/theeskapeum/Documents/augment-projects/OneDettyDecember/platform/src/$1\"\n      },\n      \"resolver\": undefined\n    }\n\n      26 |\n      27 | // Mock OAuth providers\n    > 28 | jest.mock('@/lib/oauth/google', () => ({\n         |      ^\n      29 |   verifyGoogleToken: jest.fn(),\n      30 |   getGoogleUserInfo: jest.fn(),\n      31 | }))\n\n      at createNoMappedModuleFoundError (node_modules/jest-resolve/build/index.js:1117:17)\n      at Object.mock (src/app/api/auth/oauth/callback/__tests__/route.test.ts:28:6)\n","name":"/Users/theeskapeum/Documents/augment-projects/OneDettyDecember/platform/src/app/api/auth/oauth/callback/__tests__/route.test.ts","startTime":1763491029315,"status":"failed","summary":""},{"assertionResults":[],"coverage":{},"endTime":1763491029315,"message":"  ● Test suite failed to run\n\n    Cannot find module 'bcryptjs' from 'src/app/api/auth/register/__tests__/route.test.ts'\n\n      22 |\n      23 | // Mock bcrypt\n    > 24 | jest.mock('bcryptjs', () => ({\n         |      ^\n      25 |   hash: jest.fn().mockResolvedValue('hashed-password'),\n      26 | }))\n      27 |\n\n      at Resolver._throwModNotFoundError (node_modules/jest-resolve/build/index.js:863:11)\n      at Object.mock (src/app/api/auth/register/__tests__/route.test.ts:24:6)\n","name":"/Users/theeskapeum/Documents/augment-projects/OneDettyDecember/platform/src/app/api/auth/register/__tests__/route.test.ts","startTime":1763491029315,"status":"failed","summary":""},{"assertionResults":[],"coverage":{},"endTime":1763491029315,"message":"  ● Test suite failed to run\n\n    Cannot find module 'bcryptjs' from 'src/app/api/auth/password-reset/__tests__/route.test.ts'\n\n      24 |\n      25 | // Mock bcrypt\n    > 26 | jest.mock('bcryptjs', () => ({\n         |      ^\n      27 |   hash: jest.fn().mockResolvedValue('hashed-new-password'),\n      28 | }))\n      29 |\n\n      at Resolver._throwModNotFoundError (node_modules/jest-resolve/build/index.js:863:11)\n      at Object.mock (src/app/api/auth/password-reset/__tests__/route.test.ts:26:6)\n","name":"/Users/theeskapeum/Documents/augment-projects/OneDettyDecember/platform/src/app/api/auth/password-reset/__tests__/route.test.ts","startTime":1763491029315,"status":"failed","summary":""},{"assertionResults":[],"coverage":{},"endTime":1763491029315,"message":"  ● Test suite failed to run\n\n    Cannot find module 'bcryptjs' from 'src/app/api/auth/login/__tests__/route.test.ts'\n\n      22 |\n      23 | // Mock bcrypt\n    > 24 | jest.mock('bcryptjs', () => ({\n         |      ^\n      25 |   compare: jest.fn(),\n      26 | }))\n      27 |\n\n      at Resolver._throwModNotFoundError (node_modules/jest-resolve/build/index.js:863:11)\n      at Object.mock (src/app/api/auth/login/__tests__/route.test.ts:24:6)\n","name":"/Users/theeskapeum/Documents/augment-projects/OneDettyDecember/platform/src/app/api/auth/login/__tests__/route.test.ts","startTime":1763491029315,"status":"failed","summary":""},{"assertionResults":[],"coverage":{},"endTime":1763491029315,"message":"  ● Test suite failed to run\n\n    Cannot find module '../registration-form' from 'src/components/auth/__tests__/registration-form.test.tsx'\n\n      16 |   register: mockRegister\n      17 | }))\n    > 18 |\n         | ^\n      19 | describe('RegistrationForm', () => {\n      20 |   beforeEach(() => {\n      21 |     jest.clearAllMocks()\n\n      at Resolver._throwModNotFoundError (node_modules/jest-resolve/build/index.js:863:11)\n      at Object.<anonymous> (src/components/auth/__tests__/registration-form.test.tsx:18:27)\n","name":"/Users/theeskapeum/Documents/augment-projects/OneDettyDecember/platform/src/components/auth/__tests__/registration-form.test.tsx","startTime":1763491029315,"status":"failed","summary":""},{"assertionResults":[],"coverage":{},"endTime":1763491029315,"message":"  ● Test suite failed to run\n\n    Cannot find module '../password-reset-form' from 'src/components/auth/__tests__/password-reset-form.test.tsx'\n\n      20 |   requestPasswordReset: mockRequestPasswordReset,\n      21 |   resetPassword: mockResetPassword\n    > 22 | }))\n         |    ^\n      23 |\n      24 | describe('PasswordResetForm', () => {\n      25 |   beforeEach(() => {\n\n      at Resolver._throwModNotFoundError (node_modules/jest-resolve/build/index.js:863:11)\n      at Object.<anonymous> (src/components/auth/__tests__/password-reset-form.test.tsx:22:28)\n","name":"/Users/theeskapeum/Documents/augment-projects/OneDettyDecember/platform/src/components/auth/__tests__/password-reset-form.test.tsx","startTime":1763491029315,"status":"failed","summary":""},{"assertionResults":[],"coverage":{},"endTime":1763491029315,"message":"  ● Test suite failed to run\n\n    Cannot find module '../oauth-buttons' from 'src/components/auth/__tests__/oauth-buttons.test.tsx'\n\n      11 |   value: {\n      12 |     accounts: {\n    > 13 |       id: {\n         |            ^\n      14 |         initialize: jest.fn(),\n      15 |         prompt: jest.fn(),\n      16 |         renderButton: jest.fn()\n\n      at Resolver._throwModNotFoundError (node_modules/jest-resolve/build/index.js:863:11)\n      at Object.<anonymous> (src/components/auth/__tests__/oauth-buttons.test.tsx:13:23)\n","name":"/Users/theeskapeum/Documents/augment-projects/OneDettyDecember/platform/src/components/auth/__tests__/oauth-buttons.test.tsx","startTime":1763491029315,"status":"failed","summary":""},{"assertionResults":[],"coverage":{},"endTime":1763491029315,"message":"  ● Test suite failed to run\n\n    Cannot find module '../login-form' from 'src/components/auth/__tests__/login-form.test.tsx'\n\n      17 |   login: mockLogin,\n      18 |   oauthLogin: mockOAuthLogin\n    > 19 | }))\n         |    ^\n      20 |\n      21 | describe('LoginForm', () => {\n      22 |   beforeEach(() => {\n\n      at Resolver._throwModNotFoundError (node_modules/jest-resolve/build/index.js:863:11)\n      at Object.<anonymous> (src/components/auth/__tests__/login-form.test.tsx:19:20)\n","name":"/Users/theeskapeum/Documents/augment-projects/OneDettyDecember/platform/src/components/auth/__tests__/login-form.test.tsx","startTime":1763491029315,"status":"failed","summary":""},{"assertionResults":[],"coverage":{},"endTime":1763491029315,"message":"  ● Test suite failed to run\n\n    Cannot find module '../email-verification' from 'src/components/auth/__tests__/email-verification.test.tsx'\n\n      24 |   verifyEmail: mockVerifyEmail,\n      25 |   resendVerification: mockResendVerification\n    > 26 | }))\n         |    ^\n      27 |\n      28 | describe('EmailVerification', () => {\n      29 |   beforeEach(() => {\n\n      at Resolver._throwModNotFoundError (node_modules/jest-resolve/build/index.js:863:11)\n      at Object.<anonymous> (src/components/auth/__tests__/email-verification.test.tsx:26:28)\n","name":"/Users/theeskapeum/Documents/augment-projects/OneDettyDecember/platform/src/components/auth/__tests__/email-verification.test.tsx","startTime":1763491029315,"status":"failed","summary":""}],"wasInterrupted":false,"coverageMap":{"/Users/theeskapeum/Documents/augment-projects/OneDettyDecember/platform/src/components/ui/button.tsx":{"path":"/Users/theeskapeum/Documents/augment-projects/OneDettyDecember/platform/src/components/ui/button.tsx","statementMap":{"0":{"start":{"line":82,"column":9},"end":{"line":82,"column":17}},"1":{"start":{"line":82,"column":17},"end":{"line":82,"column":null}},"2":{"start":{"line":1,"column":23},"end":{"line":1,"column":null}},"3":{"start":{"line":2,"column":39},"end":{"line":2,"column":null}},"4":{"start":{"line":3,"column":19},"end":{"line":3,"column":null}},"5":{"start":{"line":5,"column":23},"end":{"line":33,"column":null}},"6":{"start":{"line":43,"column":15},"end":{"line":78,"column":null}},"7":{"start":{"line":80,"column":0},"end":{"line":80,"column":null}}},"fnMap":{"0":{"name":"(anonymous_6)","decl":{"start":{"line":44,"column":2},"end":{"line":44,"column":3}},"loc":{"start":{"line":44,"column":97},"end":{"line":78,"column":null}}}},"branchMap":{"0":{"loc":{"start":{"line":44,"column":31},"end":{"line":44,"column":46}},"type":"default-arg","locations":[{"start":{"line":44,"column":41},"end":{"line":44,"column":46}}]},"1":{"loc":{"start":{"line":44,"column":48},"end":{"line":44,"column":63}},"type":"default-arg","locations":[{"start":{"line":44,"column":58},"end":{"line":44,"column":63}}]},"2":{"loc":{"start":{"line":49,"column":18},"end":{"line":49,"column":null}},"type":"binary-expr","locations":[{"start":{"line":49,"column":18},"end":{"line":49,"column":30}},{"start":{"line":49,"column":30},"end":{"line":49,"column":null}}]},"3":{"loc":{"start":{"line":52,"column":9},"end":{"line":52,"column":null}},"type":"binary-expr","locations":[{"start":{"line":52,"column":9},"end":{"line":52,"column":null}}]}},"s":{"0":17,"1":0,"2":1,"3":1,"4":1,"5":1,"6":1,"7":1},"f":{"0":17},"b":{"0":[17],"1":[15],"2":[17,16],"3":[17]}},"/Users/theeskapeum/Documents/augment-projects/OneDettyDecember/platform/src/lib/utils.ts":{"path":"/Users/theeskapeum/Documents/augment-projects/OneDettyDecember/platform/src/lib/utils.ts","statementMap":{"0":{"start":{"line":4,"column":16},"end":{"line":4,"column":19}},"1":{"start":{"line":1,"column":38},"end":{"line":1,"column":null}},"2":{"start":{"line":2,"column":24},"end":{"line":2,"column":null}},"3":{"start":{"line":5,"column":2},"end":{"line":5,"column":null}}},"fnMap":{"0":{"name":"cn","decl":{"start":{"line":4,"column":16},"end":{"line":4,"column":19}},"loc":{"start":{"line":4,"column":42},"end":{"line":6,"column":null}}}},"branchMap":{},"s":{"0":43,"1":2,"2":2,"3":43},"f":{"0":43},"b":{}},"/Users/theeskapeum/Documents/augment-projects/OneDettyDecember/platform/src/components/ui/card.tsx":{"path":"/Users/theeskapeum/Documents/augment-projects/OneDettyDecember/platform/src/components/ui/card.tsx","statementMap":{"0":{"start":{"line":102,"column":9},"end":{"line":102,"column":15}},"1":{"start":{"line":102,"column":67},"end":{"line":102,"column":null}},"2":{"start":{"line":102,"column":50},"end":{"line":102,"column":67}},"3":{"start":{"line":102,"column":27},"end":{"line":102,"column":39}},"4":{"start":{"line":102,"column":15},"end":{"line":102,"column":27}},"5":{"start":{"line":102,"column":39},"end":{"line":102,"column":50}},"6":{"start":{"line":1,"column":23},"end":{"line":1,"column":null}},"7":{"start":{"line":2,"column":39},"end":{"line":2,"column":null}},"8":{"start":{"line":3,"column":19},"end":{"line":3,"column":null}},"9":{"start":{"line":5,"column":21},"end":{"line":28,"column":null}},"10":{"start":{"line":44,"column":0},"end":{"line":44,"column":null}},"11":{"start":{"line":56,"column":0},"end":{"line":56,"column":null}},"12":{"start":{"line":68,"column":0},"end":{"line":68,"column":null}},"13":{"start":{"line":80,"column":0},"end":{"line":80,"column":null}},"14":{"start":{"line":88,"column":0},"end":{"line":88,"column":null}},"15":{"start":{"line":100,"column":0},"end":{"line":100,"column":null}}},"fnMap":{},"branchMap":{},"s":{"0":11,"1":3,"2":3,"3":3,"4":3,"5":3,"6":1,"7":1,"8":1,"9":1,"10":1,"11":1,"12":1,"13":1,"14":1,"15":1},"f":{},"b":{}},"/Users/theeskapeum/Documents/augment-projects/OneDettyDecember/platform/src/lib/animations.ts":{"path":"/Users/theeskapeum/Documents/augment-projects/OneDettyDecember/platform/src/lib/animations.ts","statementMap":{"0":{"start":{"line":4,"column":13},"end":{"line":4,"column":26}},"1":{"start":{"line":29,"column":13},"end":{"line":29,"column":27}},"2":{"start":{"line":4,"column":26},"end":{"line":27,"column":null}},"3":{"start":{"line":29,"column":27},"end":{"line":33,"column":null}}},"fnMap":{},"branchMap":{},"s":{"0":0,"1":0,"2":0,"3":0},"f":{},"b":{}},"/Users/theeskapeum/Documents/augment-projects/OneDettyDecember/platform/src/app/waitlist/page.tsx":{"path":"/Users/theeskapeum/Documents/augment-projects/OneDettyDecember/platform/src/app/waitlist/page.tsx","statementMap":{"0":{"start":{"line":3,"column":24},"end":{"line":3,"column":null}},"1":{"start":{"line":1,"column":29},"end":{"line":1,"column":null}}},"fnMap":{"0":{"name":"WaitlistPage","decl":{"start":{"line":3,"column":24},"end":{"line":3,"column":null}},"loc":{"start":{"line":3,"column":24},"end":{"line":19,"column":null}}}},"branchMap":{},"s":{"0":0,"1":0},"f":{"0":0},"b":{}},"/Users/theeskapeum/Documents/augment-projects/OneDettyDecember/platform/src/lib/design-tokens.ts":{"path":"/Users/theeskapeum/Documents/augment-projects/OneDettyDecember/platform/src/lib/design-tokens.ts","statementMap":{"0":{"start":{"line":94,"column":13},"end":{"line":94,"column":28}},"1":{"start":{"line":113,"column":13},"end":{"line":113,"column":27}},"2":{"start":{"line":4,"column":13},"end":{"line":4,"column":22}},"3":{"start":{"line":105,"column":13},"end":{"line":105,"column":23}},"4":{"start":{"line":78,"column":13},"end":{"line":78,"column":23}},"5":{"start":{"line":45,"column":13},"end":{"line":45,"column":26}},"6":{"start":{"line":4,"column":22},"end":{"line":43,"column":null}},"7":{"start":{"line":45,"column":26},"end":{"line":76,"column":null}},"8":{"start":{"line":78,"column":23},"end":{"line":92,"column":null}},"9":{"start":{"line":94,"column":28},"end":{"line":103,"column":null}},"10":{"start":{"line":105,"column":23},"end":{"line":111,"column":null}},"11":{"start":{"line":113,"column":27},"end":{"line":119,"column":null}}},"fnMap":{},"branchMap":{},"s":{"0":0,"1":0,"2":0,"3":0,"4":0,"5":0,"6":0,"7":0,"8":0,"9":0,"10":0,"11":0},"f":{},"b":{}},"/Users/theeskapeum/Documents/augment-projects/OneDettyDecember/platform/src/lib/vertical-theme.ts":{"path":"/Users/theeskapeum/Documents/augment-projects/OneDettyDecember/platform/src/lib/vertical-theme.ts","statementMap":{"0":{"start":{"line":22,"column":13},"end":{"line":22,"column":40}},"1":{"start":{"line":9,"column":13},"end":{"line":9,"column":34}},"2":{"start":{"line":5,"column":13},"end":{"line":5,"column":32}},"3":{"start":{"line":1,"column":23},"end":{"line":1,"column":null}},"4":{"start":{"line":5,"column":32},"end":{"line":7,"column":null}},"5":{"start":{"line":6,"column":2},"end":{"line":6,"column":null}},"6":{"start":{"line":9,"column":34},"end":{"line":20,"column":null}},"7":{"start":{"line":10,"column":19},"end":{"line":17,"column":null}},"8":{"start":{"line":19,"column":2},"end":{"line":19,"column":null}},"9":{"start":{"line":22,"column":40},"end":{"line":33,"column":null}},"10":{"start":{"line":23,"column":20},"end":{"line":30,"column":null}},"11":{"start":{"line":32,"column":2},"end":{"line":32,"column":null}}},"fnMap":{"0":{"name":"(anonymous_4)","decl":{"start":{"line":5,"column":32},"end":{"line":5,"column":33}},"loc":{"start":{"line":5,"column":33},"end":{"line":7,"column":null}}},"1":{"name":"(anonymous_5)","decl":{"start":{"line":9,"column":34},"end":{"line":9,"column":35}},"loc":{"start":{"line":9,"column":35},"end":{"line":20,"column":null}}},"2":{"name":"(anonymous_6)","decl":{"start":{"line":22,"column":40},"end":{"line":22,"column":41}},"loc":{"start":{"line":22,"column":41},"end":{"line":33,"column":null}}}},"branchMap":{},"s":{"0":0,"1":0,"2":0,"3":0,"4":0,"5":0,"6":0,"7":0,"8":0,"9":0,"10":0,"11":0},"f":{"0":0,"1":0,"2":0},"b":{}},"/Users/theeskapeum/Documents/augment-projects/OneDettyDecember/platform/src/components/forms/waitlist-form.tsx":{"path":"/Users/theeskapeum/Documents/augment-projects/OneDettyDecember/platform/src/components/forms/waitlist-form.tsx","statementMap":{"0":{"start":{"line":11,"column":16},"end":{"line":11,"column":29}},"1":{"start":{"line":3,"column":25},"end":{"line":3,"column":null}},"2":{"start":{"line":4,"column":23},"end":{"line":4,"column":null}},"3":{"start":{"line":5,"column":74},"end":{"line":5,"column":null}},"4":{"start":{"line":12,"column":28},"end":{"line":12,"column":null}},"5":{"start":{"line":13,"column":36},"end":{"line":13,"column":null}},"6":{"start":{"line":14,"column":34},"end":{"line":14,"column":null}},"7":{"start":{"line":15,"column":32},"end":{"line":15,"column":null}},"8":{"start":{"line":16,"column":32},"end":{"line":16,"column":null}},"9":{"start":{"line":17,"column":28},"end":{"line":17,"column":null}},"10":{"start":{"line":19,"column":23},"end":{"line":51,"column":null}},"11":{"start":{"line":20,"column":4},"end":{"line":20,"column":null}},"12":{"start":{"line":21,"column":4},"end":{"line":21,"column":null}},"13":{"start":{"line":22,"column":4},"end":{"line":22,"column":null}},"14":{"start":{"line":24,"column":4},"end":{"line":50,"column":null}},"15":{"start":{"line":25,"column":23},"end":{"line":36,"column":null}},"16":{"start":{"line":38,"column":19},"end":{"line":38,"column":null}},"17":{"start":{"line":40,"column":6},"end":{"line":42,"column":null}},"18":{"start":{"line":41,"column":8},"end":{"line":41,"column":null}},"19":{"start":{"line":44,"column":6},"end":{"line":44,"column":null}},"20":{"start":{"line":45,"column":6},"end":{"line":45,"column":null}},"21":{"start":{"line":47,"column":6},"end":{"line":47,"column":null}},"22":{"start":{"line":49,"column":6},"end":{"line":49,"column":null}},"23":{"start":{"line":53,"column":2},"end":{"line":67,"column":null}},"24":{"start":{"line":87,"column":31},"end":{"line":87,"column":null}},"25":{"start":{"line":103,"column":33},"end":{"line":103,"column":null}},"26":{"start":{"line":117,"column":33},"end":{"line":117,"column":null}}},"fnMap":{"0":{"name":"WaitlistForm","decl":{"start":{"line":11,"column":16},"end":{"line":11,"column":29}},"loc":{"start":{"line":11,"column":61},"end":{"line":142,"column":null}}},"1":{"name":"(anonymous_2)","decl":{"start":{"line":19,"column":23},"end":{"line":19,"column":30}},"loc":{"start":{"line":19,"column":30},"end":{"line":51,"column":null}}},"2":{"name":"(anonymous_3)","decl":{"start":{"line":87,"column":24},"end":{"line":87,"column":25}},"loc":{"start":{"line":87,"column":31},"end":{"line":87,"column":null}}},"3":{"name":"(anonymous_4)","decl":{"start":{"line":103,"column":26},"end":{"line":103,"column":27}},"loc":{"start":{"line":103,"column":33},"end":{"line":103,"column":null}}},"4":{"name":"(anonymous_5)","decl":{"start":{"line":117,"column":26},"end":{"line":117,"column":27}},"loc":{"start":{"line":117,"column":33},"end":{"line":117,"column":null}}}},"branchMap":{"0":{"loc":{"start":{"line":32,"column":21},"end":{"line":32,"column":null}},"type":"binary-expr","locations":[{"start":{"line":32,"column":21},"end":{"line":32,"column":34}},{"start":{"line":32,"column":34},"end":{"line":32,"column":null}}]},"1":{"loc":{"start":{"line":33,"column":20},"end":{"line":33,"column":null}},"type":"binary-expr","locations":[{"start":{"line":33,"column":20},"end":{"line":33,"column":32}},{"start":{"line":33,"column":32},"end":{"line":33,"column":null}}]},"2":{"loc":{"start":{"line":40,"column":6},"end":{"line":42,"column":null}},"type":"if","locations":[{"start":{"line":40,"column":6},"end":{"line":42,"column":null}},{"start":{},"end":{}}]},"3":{"loc":{"start":{"line":41,"column":24},"end":{"line":41,"column":null}},"type":"binary-expr","locations":[{"start":{"line":41,"column":24},"end":{"line":41,"column":34}},{"start":{"line":41,"column":38},"end":{"line":41,"column":null}}]},"4":{"loc":{"start":{"line":47,"column":15},"end":{"line":47,"column":null}},"type":"cond-expr","locations":[{"start":{"line":47,"column":38},"end":{"line":47,"column":49}},{"start":{"line":47,"column":52},"end":{"line":47,"column":null}}]},"5":{"loc":{"start":{"line":53,"column":2},"end":{"line":67,"column":null}},"type":"if","locations":[{"start":{"line":53,"column":2},"end":{"line":67,"column":null}},{"start":{},"end":{}}]},"6":{"loc":{"start":{"line":124,"column":11},"end":{"line":124,"column":null}},"type":"binary-expr","locations":[{"start":{"line":124,"column":11},"end":{"line":124,"column":null}}]},"7":{"loc":{"start":{"line":136,"column":13},"end":{"line":136,"column":null}},"type":"cond-expr","locations":[{"start":{"line":136,"column":23},"end":{"line":136,"column":38}},{"start":{"line":136,"column":38},"end":{"line":136,"column":null}}]}},"s":{"0":0,"1":0,"2":0,"3":0,"4":0,"5":0,"6":0,"7":0,"8":0,"9":0,"10":0,"11":0,"12":0,"13":0,"14":0,"15":0,"16":0,"17":0,"18":0,"19":0,"20":0,"21":0,"22":0,"23":0,"24":0,"25":0,"26":0},"f":{"0":0,"1":0,"2":0,"3":0,"4":0},"b":{"0":[0,0],"1":[0,0],"2":[0,0],"3":[0,0],"4":[0,0],"5":[0,0],"6":[0],"7":[0,0]}},"/Users/theeskapeum/Documents/augment-projects/OneDettyDecember/platform/src/lib/auth.ts":{"path":"/Users/theeskapeum/Documents/augment-projects/OneDettyDecember/platform/src/lib/auth.ts","statementMap":{"0":{"start":{"line":65,"column":22},"end":{"line":65,"column":null}},"1":{"start":{"line":101,"column":22},"end":{"line":101,"column":null}},"2":{"start":{"line":59,"column":22},"end":{"line":59,"column":null}},"3":{"start":{"line":47,"column":22},"end":{"line":47,"column":28}},"4":{"start":{"line":95,"column":22},"end":{"line":95,"column":null}},"5":{"start":{"line":53,"column":22},"end":{"line":53,"column":33}},"6":{"start":{"line":107,"column":22},"end":{"line":107,"column":null}},"7":{"start":{"line":41,"column":22},"end":{"line":41,"column":31}},"8":{"start":{"line":71,"column":22},"end":{"line":71,"column":43}},"9":{"start":{"line":89,"column":22},"end":{"line":89,"column":41}},"10":{"start":{"line":77,"column":22},"end":{"line":77,"column":36}},"11":{"start":{"line":83,"column":22},"end":{"line":83,"column":34}},"12":{"start":{"line":43,"column":2},"end":{"line":43,"column":null}},"13":{"start":{"line":49,"column":2},"end":{"line":49,"column":null}},"14":{"start":{"line":55,"column":2},"end":{"line":55,"column":null}},"15":{"start":{"line":61,"column":2},"end":{"line":61,"column":null}},"16":{"start":{"line":67,"column":2},"end":{"line":67,"column":null}},"17":{"start":{"line":73,"column":2},"end":{"line":73,"column":null}},"18":{"start":{"line":79,"column":2},"end":{"line":79,"column":null}},"19":{"start":{"line":85,"column":2},"end":{"line":85,"column":null}},"20":{"start":{"line":91,"column":2},"end":{"line":91,"column":null}},"21":{"start":{"line":97,"column":2},"end":{"line":97,"column":null}},"22":{"start":{"line":103,"column":2},"end":{"line":103,"column":null}},"23":{"start":{"line":109,"column":2},"end":{"line":109,"column":null}}},"fnMap":{"0":{"name":"register","decl":{"start":{"line":41,"column":22},"end":{"line":41,"column":31}},"loc":{"start":{"line":41,"column":49},"end":{"line":44,"column":null}}},"1":{"name":"login","decl":{"start":{"line":47,"column":22},"end":{"line":47,"column":28}},"loc":{"start":{"line":47,"column":43},"end":{"line":50,"column":null}}},"2":{"name":"oauthLogin","decl":{"start":{"line":53,"column":22},"end":{"line":53,"column":33}},"loc":{"start":{"line":53,"column":64},"end":{"line":56,"column":null}}},"3":{"name":"googleOAuth","decl":{"start":{"line":59,"column":22},"end":{"line":59,"column":null}},"loc":{"start":{"line":59,"column":22},"end":{"line":62,"column":null}}},"4":{"name":"facebookOAuth","decl":{"start":{"line":65,"column":22},"end":{"line":65,"column":null}},"loc":{"start":{"line":65,"column":22},"end":{"line":68,"column":null}}},"5":{"name":"requestPasswordReset","decl":{"start":{"line":71,"column":22},"end":{"line":71,"column":43}},"loc":{"start":{"line":71,"column":56},"end":{"line":74,"column":null}}},"6":{"name":"resetPassword","decl":{"start":{"line":77,"column":22},"end":{"line":77,"column":36}},"loc":{"start":{"line":77,"column":59},"end":{"line":80,"column":null}}},"7":{"name":"verifyEmail","decl":{"start":{"line":83,"column":22},"end":{"line":83,"column":34}},"loc":{"start":{"line":83,"column":72},"end":{"line":86,"column":null}}},"8":{"name":"resendVerification","decl":{"start":{"line":89,"column":22},"end":{"line":89,"column":41}},"loc":{"start":{"line":89,"column":54},"end":{"line":92,"column":null}}},"9":{"name":"logout","decl":{"start":{"line":95,"column":22},"end":{"line":95,"column":null}},"loc":{"start":{"line":95,"column":22},"end":{"line":98,"column":null}}},"10":{"name":"getCurrentUser","decl":{"start":{"line":101,"column":22},"end":{"line":101,"column":null}},"loc":{"start":{"line":101,"column":22},"end":{"line":104,"column":null}}},"11":{"name":"refreshToken","decl":{"start":{"line":107,"column":22},"end":{"line":107,"column":null}},"loc":{"start":{"line":107,"column":22},"end":{"line":110,"column":null}}}},"branchMap":{},"s":{"0":0,"1":0,"2":0,"3":0,"4":0,"5":0,"6":0,"7":0,"8":0,"9":0,"10":0,"11":0,"12":0,"13":0,"14":0,"15":0,"16":0,"17":0,"18":0,"19":0,"20":0,"21":0,"22":0,"23":0},"f":{"0":0,"1":0,"2":0,"3":0,"4":0,"5":0,"6":0,"7":0,"8":0,"9":0,"10":0,"11":0},"b":{}},"/Users/theeskapeum/Documents/augment-projects/OneDettyDecember/platform/src/app/api/waitlist/route.ts":{"path":"/Users/theeskapeum/Documents/augment-projects/OneDettyDecember/platform/src/app/api/waitlist/route.ts","statementMap":{"0":{"start":{"line":75,"column":22},"end":{"line":75,"column":26}},"1":{"start":{"line":16,"column":22},"end":{"line":16,"column":27}},"2":{"start":{"line":1,"column":42},"end":{"line":1,"column":null}},"3":{"start":{"line":2,"column":29},"end":{"line":2,"column":null}},"4":{"start":{"line":3,"column":18},"end":{"line":3,"column":null}},"5":{"start":{"line":5,"column":15},"end":{"line":5,"column":null}},"6":{"start":{"line":8,"column":23},"end":{"line":14,"column":null}},"7":{"start":{"line":17,"column":2},"end":{"line":72,"column":null}},"8":{"start":{"line":18,"column":17},"end":{"line":18,"column":null}},"9":{"start":{"line":21,"column":29},"end":{"line":21,"column":null}},"10":{"start":{"line":22,"column":4},"end":{"line":30,"column":null}},"11":{"start":{"line":23,"column":6},"end":{"line":28,"column":null}},"12":{"start":{"line":32,"column":61},"end":{"line":32,"column":82}},"13":{"start":{"line":35,"column":26},"end":{"line":37,"column":null}},"14":{"start":{"line":39,"column":4},"end":{"line":44,"column":null}},"15":{"start":{"line":40,"column":6},"end":{"line":42,"column":null}},"16":{"start":{"line":47,"column":26},"end":{"line":55,"column":null}},"17":{"start":{"line":57,"column":4},"end":{"line":63,"column":null}},"18":{"start":{"line":67,"column":4},"end":{"line":67,"column":null}},"19":{"start":{"line":68,"column":4},"end":{"line":70,"column":null}},"20":{"start":{"line":76,"column":2},"end":{"line":115,"column":null}},"21":{"start":{"line":77,"column":29},"end":{"line":77,"column":null}},"22":{"start":{"line":78,"column":17},"end":{"line":78,"column":null}},"23":{"start":{"line":79,"column":18},"end":{"line":79,"column":null}},"24":{"start":{"line":80,"column":17},"end":{"line":80,"column":null}},"25":{"start":{"line":82,"column":29},"end":{"line":97,"column":null}},"26":{"start":{"line":99,"column":4},"end":{"line":107,"column":null}},"27":{"start":{"line":110,"column":4},"end":{"line":110,"column":null}},"28":{"start":{"line":111,"column":4},"end":{"line":113,"column":null}}},"fnMap":{"0":{"name":"POST","decl":{"start":{"line":16,"column":22},"end":{"line":16,"column":27}},"loc":{"start":{"line":16,"column":47},"end":{"line":73,"column":null}}},"1":{"name":"GET","decl":{"start":{"line":75,"column":22},"end":{"line":75,"column":26}},"loc":{"start":{"line":75,"column":46},"end":{"line":116,"column":null}}}},"branchMap":{"0":{"loc":{"start":{"line":22,"column":4},"end":{"line":30,"column":null}},"type":"if","locations":[{"start":{"line":22,"column":4},"end":{"line":30,"column":null}},{"start":{},"end":{}}]},"1":{"loc":{"start":{"line":39,"column":4},"end":{"line":44,"column":null}},"type":"if","locations":[{"start":{"line":39,"column":4},"end":{"line":44,"column":null}},{"start":{},"end":{}}]},"2":{"loc":{"start":{"line":78,"column":26},"end":{"line":78,"column":null}},"type":"binary-expr","locations":[{"start":{"line":78,"column":26},"end":{"line":78,"column":54}},{"start":{"line":78,"column":54},"end":{"line":78,"column":null}}]},"3":{"loc":{"start":{"line":79,"column":27},"end":{"line":79,"column":null}},"type":"binary-expr","locations":[{"start":{"line":79,"column":27},"end":{"line":79,"column":56}},{"start":{"line":79,"column":56},"end":{"line":79,"column":null}}]}},"s":{"0":0,"1":0,"2":0,"3":0,"4":0,"5":0,"6":0,"7":0,"8":0,"9":0,"10":0,"11":0,"12":0,"13":0,"14":0,"15":0,"16":0,"17":0,"18":0,"19":0,"20":0,"21":0,"22":0,"23":0,"24":0,"25":0,"26":0,"27":0,"28":0},"f":{"0":0,"1":0},"b":{"0":[0,0],"1":[0,0],"2":[0,0],"3":[0,0]}},"/Users/theeskapeum/Documents/augment-projects/OneDettyDecember/platform/src/lib/responsive-utilities.ts":{"path":"/Users/theeskapeum/Documents/augment-projects/OneDettyDecember/platform/src/lib/responsive-utilities.ts","statementMap":{"0":{"start":{"line":220,"column":13},"end":{"line":220,"column":27}},"1":{"start":{"line":22,"column":13},"end":{"line":22,"column":34}},"2":{"start":{"line":33,"column":13},"end":{"line":33,"column":35}},"3":{"start":{"line":187,"column":13},"end":{"line":187,"column":28}},"4":{"start":{"line":231,"column":13},"end":{"line":231,"column":24}},"5":{"start":{"line":10,"column":13},"end":{"line":10,"column":26}},"6":{"start":{"line":137,"column":13},"end":{"line":137,"column":33}},"7":{"start":{"line":168,"column":13},"end":{"line":168,"column":30}},"8":{"start":{"line":100,"column":13},"end":{"line":100,"column":30}},"9":{"start":{"line":55,"column":13},"end":{"line":55,"column":33}},"10":{"start":{"line":119,"column":13},"end":{"line":119,"column":30}},"11":{"start":{"line":152,"column":13},"end":{"line":152,"column":29}},"12":{"start":{"line":210,"column":13},"end":{"line":210,"column":27}},"13":{"start":{"line":199,"column":13},"end":{"line":199,"column":32}},"14":{"start":{"line":4,"column":28},"end":{"line":4,"column":null}},"15":{"start":{"line":10,"column":26},"end":{"line":16,"column":null}},"16":{"start":{"line":22,"column":34},"end":{"line":28,"column":null}},"17":{"start":{"line":33,"column":35},"end":{"line":49,"column":null}},"18":{"start":{"line":34,"column":15},"end":{"line":34,"column":null}},"19":{"start":{"line":36,"column":2},"end":{"line":38,"column":null}},"20":{"start":{"line":37,"column":4},"end":{"line":37,"column":null}},"21":{"start":{"line":40,"column":22},"end":{"line":46,"column":null}},"22":{"start":{"line":48,"column":2},"end":{"line":48,"column":null}},"23":{"start":{"line":55,"column":33},"end":{"line":95,"column":null}},"24":{"start":{"line":100,"column":30},"end":{"line":114,"column":null}},"25":{"start":{"line":119,"column":30},"end":{"line":132,"column":null}},"26":{"start":{"line":137,"column":33},"end":{"line":146,"column":null}},"27":{"start":{"line":152,"column":29},"end":{"line":163,"column":null}},"28":{"start":{"line":168,"column":30},"end":{"line":182,"column":null}},"29":{"start":{"line":187,"column":28},"end":{"line":193,"column":null}},"30":{"start":{"line":199,"column":32},"end":{"line":204,"column":null}},"31":{"start":{"line":210,"column":27},"end":{"line":215,"column":null}},"32":{"start":{"line":211,"column":2},"end":{"line":211,"column":null}},"33":{"start":{"line":211,"column":37},"end":{"line":211,"column":null}},"34":{"start":{"line":213,"column":16},"end":{"line":213,"column":57}},"35":{"start":{"line":214,"column":2},"end":{"line":214,"column":null}},"36":{"start":{"line":220,"column":27},"end":{"line":226,"column":null}},"37":{"start":{"line":231,"column":24},"end":{"line":261,"column":null}}},"fnMap":{"0":{"name":"(anonymous_15)","decl":{"start":{"line":33,"column":35},"end":{"line":33,"column":36}},"loc":{"start":{"line":33,"column":36},"end":{"line":49,"column":null}}},"1":{"name":"(anonymous_16)","decl":{"start":{"line":210,"column":27},"end":{"line":210,"column":28}},"loc":{"start":{"line":210,"column":28},"end":{"line":215,"column":null}}}},"branchMap":{"0":{"loc":{"start":{"line":36,"column":2},"end":{"line":38,"column":null}},"type":"if","locations":[{"start":{"line":36,"column":2},"end":{"line":38,"column":null}},{"start":{},"end":{}}]},"1":{"loc":{"start":{"line":211,"column":2},"end":{"line":211,"column":null}},"type":"if","locations":[{"start":{"line":211,"column":2},"end":{"line":211,"column":null}},{"start":{},"end":{}}]}},"s":{"0":0,"1":0,"2":0,"3":0,"4":0,"5":0,"6":0,"7":0,"8":0,"9":0,"10":0,"11":0,"12":0,"13":0,"14":0,"15":0,"16":0,"17":0,"18":0,"19":0,"20":0,"21":0,"22":0,"23":0,"24":0,"25":0,"26":0,"27":0,"28":0,"29":0,"30":0,"31":0,"32":0,"33":0,"34":0,"35":0,"36":0,"37":0},"f":{"0":0,"1":0},"b":{"0":[0,0],"1":[0,0]}},"/Users/theeskapeum/Documents/augment-projects/OneDettyDecember/platform/src/lib/dark-mode.ts":{"path":"/Users/theeskapeum/Documents/augment-projects/OneDettyDecember/platform/src/lib/dark-mode.ts","statementMap":{"0":{"start":{"line":10,"column":13},"end":{"line":10,"column":26}},"1":{"start":{"line":80,"column":13},"end":{"line":80,"column":36}},"2":{"start":{"line":109,"column":13},"end":{"line":109,"column":31}},"3":{"start":{"line":263,"column":13},"end":{"line":263,"column":32}},"4":{"start":{"line":231,"column":13},"end":{"line":231,"column":36}},"5":{"start":{"line":137,"column":13},"end":{"line":137,"column":32}},"6":{"start":{"line":247,"column":13},"end":{"line":247,"column":40}},"7":{"start":{"line":159,"column":13},"end":{"line":159,"column":26}},"8":{"start":{"line":220,"column":13},"end":{"line":220,"column":24}},"9":{"start":{"line":10,"column":26},"end":{"line":69,"column":null}},"10":{"start":{"line":80,"column":36},"end":{"line":103,"column":null}},"11":{"start":{"line":109,"column":31},"end":{"line":132,"column":null}},"12":{"start":{"line":137,"column":32},"end":{"line":154,"column":null}},"13":{"start":{"line":159,"column":26},"end":{"line":214,"column":null}},"14":{"start":{"line":164,"column":4},"end":{"line":164,"column":null}},"15":{"start":{"line":164,"column":39},"end":{"line":164,"column":null}},"16":{"start":{"line":166,"column":4},"end":{"line":166,"column":null}},"17":{"start":{"line":168,"column":4},"end":{"line":173,"column":null}},"18":{"start":{"line":169,"column":26},"end":{"line":169,"column":null}},"19":{"start":{"line":170,"column":6},"end":{"line":170,"column":null}},"20":{"start":{"line":172,"column":6},"end":{"line":172,"column":null}},"21":{"start":{"line":180,"column":4},"end":{"line":180,"column":null}},"22":{"start":{"line":180,"column":39},"end":{"line":180,"column":null}},"23":{"start":{"line":182,"column":19},"end":{"line":182,"column":null}},"24":{"start":{"line":183,"column":4},"end":{"line":183,"column":null}},"25":{"start":{"line":183,"column":16},"end":{"line":183,"column":null}},"26":{"start":{"line":185,"column":4},"end":{"line":185,"column":null}},"27":{"start":{"line":192,"column":20},"end":{"line":192,"column":null}},"28":{"start":{"line":193,"column":17},"end":{"line":193,"column":null}},"29":{"start":{"line":194,"column":4},"end":{"line":194,"column":null}},"30":{"start":{"line":201,"column":4},"end":{"line":201,"column":null}},"31":{"start":{"line":201,"column":39},"end":{"line":201,"column":null}},"32":{"start":{"line":203,"column":18},"end":{"line":203,"column":null}},"33":{"start":{"line":204,"column":4},"end":{"line":204,"column":null}},"34":{"start":{"line":207,"column":4},"end":{"line":212,"column":null}},"35":{"start":{"line":208,"column":21},"end":{"line":208,"column":null}},"36":{"start":{"line":209,"column":6},"end":{"line":211,"column":null}},"37":{"start":{"line":210,"column":8},"end":{"line":210,"column":null}},"38":{"start":{"line":220,"column":24},"end":{"line":225,"column":null}},"39":{"start":{"line":221,"column":2},"end":{"line":221,"column":null}},"40":{"start":{"line":221,"column":37},"end":{"line":221,"column":null}},"41":{"start":{"line":223,"column":23},"end":{"line":223,"column":null}},"42":{"start":{"line":224,"column":2},"end":{"line":224,"column":null}},"43":{"start":{"line":231,"column":36},"end":{"line":242,"column":null}},"44":{"start":{"line":232,"column":19},"end":{"line":239,"column":null}},"45":{"start":{"line":241,"column":2},"end":{"line":241,"column":null}},"46":{"start":{"line":247,"column":40},"end":{"line":258,"column":null}},"47":{"start":{"line":248,"column":23},"end":{"line":255,"column":null}},"48":{"start":{"line":257,"column":2},"end":{"line":257,"column":null}},"49":{"start":{"line":263,"column":32},"end":{"line":284,"column":null}}},"fnMap":{"0":{"name":"(anonymous_10)","decl":{"start":{"line":163,"column":12},"end":{"line":163,"column":13}},"loc":{"start":{"line":163,"column":13},"end":{"line":174,"column":null}}},"1":{"name":"(anonymous_11)","decl":{"start":{"line":179,"column":12},"end":{"line":179,"column":null}},"loc":{"start":{"line":179,"column":12},"end":{"line":186,"column":null}}},"2":{"name":"(anonymous_12)","decl":{"start":{"line":191,"column":15},"end":{"line":191,"column":null}},"loc":{"start":{"line":191,"column":15},"end":{"line":195,"column":null}}},"3":{"name":"(anonymous_13)","decl":{"start":{"line":200,"column":13},"end":{"line":200,"column":null}},"loc":{"start":{"line":200,"column":13},"end":{"line":213,"column":null}}},"4":{"name":"(anonymous_14)","decl":{"start":{"line":207,"column":81},"end":{"line":207,"column":82}},"loc":{"start":{"line":207,"column":82},"end":{"line":212,"column":null}}},"5":{"name":"(anonymous_15)","decl":{"start":{"line":220,"column":24},"end":{"line":220,"column":null}},"loc":{"start":{"line":220,"column":24},"end":{"line":225,"column":null}}},"6":{"name":"(anonymous_16)","decl":{"start":{"line":221,"column":54},"end":{"line":221,"column":61}},"loc":{"start":{"line":221,"column":54},"end":{"line":221,"column":63}}},"7":{"name":"(anonymous_17)","decl":{"start":{"line":231,"column":36},"end":{"line":231,"column":37}},"loc":{"start":{"line":231,"column":37},"end":{"line":242,"column":null}}},"8":{"name":"(anonymous_18)","decl":{"start":{"line":247,"column":40},"end":{"line":247,"column":41}},"loc":{"start":{"line":247,"column":41},"end":{"line":258,"column":null}}}},"branchMap":{"0":{"loc":{"start":{"line":164,"column":4},"end":{"line":164,"column":null}},"type":"if","locations":[{"start":{"line":164,"column":4},"end":{"line":164,"column":null}},{"start":{},"end":{}}]},"1":{"loc":{"start":{"line":168,"column":4},"end":{"line":173,"column":null}},"type":"if","locations":[{"start":{"line":168,"column":4},"end":{"line":173,"column":null}},{"start":{"line":171,"column":11},"end":{"line":173,"column":null}}]},"2":{"loc":{"start":{"line":169,"column":26},"end":{"line":169,"column":null}},"type":"cond-expr","locations":[{"start":{"line":169,"column":86},"end":{"line":169,"column":95}},{"start":{"line":169,"column":95},"end":{"line":169,"column":null}}]},"3":{"loc":{"start":{"line":180,"column":4},"end":{"line":180,"column":null}},"type":"if","locations":[{"start":{"line":180,"column":4},"end":{"line":180,"column":null}},{"start":{},"end":{}}]},"4":{"loc":{"start":{"line":183,"column":4},"end":{"line":183,"column":null}},"type":"if","locations":[{"start":{"line":183,"column":4},"end":{"line":183,"column":null}},{"start":{},"end":{}}]},"5":{"loc":{"start":{"line":185,"column":11},"end":{"line":185,"column":null}},"type":"cond-expr","locations":[{"start":{"line":185,"column":71},"end":{"line":185,"column":80}},{"start":{"line":185,"column":80},"end":{"line":185,"column":null}}]},"6":{"loc":{"start":{"line":193,"column":17},"end":{"line":193,"column":null}},"type":"cond-expr","locations":[{"start":{"line":193,"column":38},"end":{"line":193,"column":48}},{"start":{"line":193,"column":48},"end":{"line":193,"column":null}}]},"7":{"loc":{"start":{"line":201,"column":4},"end":{"line":201,"column":null}},"type":"if","locations":[{"start":{"line":201,"column":4},"end":{"line":201,"column":null}},{"start":{},"end":{}}]},"8":{"loc":{"start":{"line":209,"column":6},"end":{"line":211,"column":null}},"type":"if","locations":[{"start":{"line":209,"column":6},"end":{"line":211,"column":null}},{"start":{},"end":{}}]},"9":{"loc":{"start":{"line":209,"column":10},"end":{"line":209,"column":42}},"type":"binary-expr","locations":[{"start":{"line":209,"column":10},"end":{"line":209,"column":33}},{"start":{"line":209,"column":33},"end":{"line":209,"column":42}}]},"10":{"loc":{"start":{"line":210,"column":60},"end":{"line":210,"column":null}},"type":"cond-expr","locations":[{"start":{"line":210,"column":72},"end":{"line":210,"column":81}},{"start":{"line":210,"column":81},"end":{"line":210,"column":null}}]},"11":{"loc":{"start":{"line":221,"column":2},"end":{"line":221,"column":null}},"type":"if","locations":[{"start":{"line":221,"column":2},"end":{"line":221,"column":null}},{"start":{},"end":{}}]}},"s":{"0":0,"1":0,"2":0,"3":0,"4":0,"5":0,"6":0,"7":0,"8":0,"9":0,"10":0,"11":0,"12":0,"13":0,"14":0,"15":0,"16":0,"17":0,"18":0,"19":0,"20":0,"21":0,"22":0,"23":0,"24":0,"25":0,"26":0,"27":0,"28":0,"29":0,"30":0,"31":0,"32":0,"33":0,"34":0,"35":0,"36":0,"37":0,"38":0,"39":0,"40":0,"41":0,"42":0,"43":0,"44":0,"45":0,"46":0,"47":0,"48":0,"49":0},"f":{"0":0,"1":0,"2":0,"3":0,"4":0,"5":0,"6":0,"7":0,"8":0},"b":{"0":[0,0],"1":[0,0],"2":[0,0],"3":[0,0],"4":[0,0],"5":[0,0],"6":[0,0],"7":[0,0],"8":[0,0],"9":[0,0],"10":[0,0],"11":[0,0]}},"/Users/theeskapeum/Documents/augment-projects/OneDettyDecember/platform/src/lib/component-variants.ts":{"path":"/Users/theeskapeum/Documents/augment-projects/OneDettyDecember/platform/src/lib/component-variants.ts","statementMap":{"0":{"start":{"line":183,"column":13},"end":{"line":183,"column":29}},"1":{"start":{"line":109,"column":13},"end":{"line":109,"column":30}},"2":{"start":{"line":159,"column":13},"end":{"line":159,"column":28}},"3":{"start":{"line":375,"column":13},"end":{"line":375,"column":33}},"4":{"start":{"line":346,"column":13},"end":{"line":346,"column":32}},"5":{"start":{"line":303,"column":13},"end":{"line":303,"column":31}},"6":{"start":{"line":196,"column":13},"end":{"line":196,"column":32}},"7":{"start":{"line":268,"column":13},"end":{"line":268,"column":30}},"8":{"start":{"line":364,"column":13},"end":{"line":364,"column":30}},"9":{"start":{"line":241,"column":13},"end":{"line":241,"column":31}},"10":{"start":{"line":135,"column":13},"end":{"line":135,"column":29}},"11":{"start":{"line":85,"column":13},"end":{"line":85,"column":30}},"12":{"start":{"line":98,"column":13},"end":{"line":98,"column":30}},"13":{"start":{"line":26,"column":13},"end":{"line":26,"column":28}},"14":{"start":{"line":4,"column":76},"end":{"line":4,"column":null}},"15":{"start":{"line":5,"column":59},"end":{"line":5,"column":null}},"16":{"start":{"line":6,"column":28},"end":{"line":6,"column":null}},"17":{"start":{"line":26,"column":28},"end":{"line":80,"column":null}},"18":{"start":{"line":85,"column":30},"end":{"line":93,"column":null}},"19":{"start":{"line":98,"column":30},"end":{"line":104,"column":null}},"20":{"start":{"line":109,"column":30},"end":{"line":130,"column":null}},"21":{"start":{"line":135,"column":29},"end":{"line":154,"column":null}},"22":{"start":{"line":159,"column":28},"end":{"line":178,"column":null}},"23":{"start":{"line":183,"column":29},"end":{"line":191,"column":null}},"24":{"start":{"line":196,"column":32},"end":{"line":236,"column":null}},"25":{"start":{"line":209,"column":22},"end":{"line":209,"column":null}},"26":{"start":{"line":211,"column":20},"end":{"line":211,"column":45}},"27":{"start":{"line":212,"column":23},"end":{"line":212,"column":54}},"28":{"start":{"line":213,"column":22},"end":{"line":213,"column":44}},"29":{"start":{"line":214,"column":23},"end":{"line":214,"column":147}},"30":{"start":{"line":215,"column":21},"end":{"line":215,"column":null}},"31":{"start":{"line":218,"column":21},"end":{"line":218,"column":null}},"32":{"start":{"line":219,"column":2},"end":{"line":233,"column":null}},"33":{"start":{"line":220,"column":4},"end":{"line":225,"column":null}},"34":{"start":{"line":221,"column":6},"end":{"line":221,"column":null}},"35":{"start":{"line":222,"column":11},"end":{"line":225,"column":null}},"36":{"start":{"line":223,"column":26},"end":{"line":223,"column":null}},"37":{"start":{"line":224,"column":6},"end":{"line":224,"column":null}},"38":{"start":{"line":228,"column":4},"end":{"line":232,"column":null}},"39":{"start":{"line":229,"column":6},"end":{"line":229,"column":null}},"40":{"start":{"line":230,"column":11},"end":{"line":232,"column":null}},"41":{"start":{"line":231,"column":6},"end":{"line":231,"column":null}},"42":{"start":{"line":235,"column":2},"end":{"line":235,"column":null}},"43":{"start":{"line":241,"column":31},"end":{"line":263,"column":null}},"44":{"start":{"line":254,"column":22},"end":{"line":254,"column":101}},"45":{"start":{"line":256,"c
[...]
:"(anonymous_20)","decl":{"start":{"line":364,"column":30},"end":{"line":364,"column":31}},"loc":{"start":{"line":368,"column":1},"end":{"line":370,"column":null}}},"6":{"name":"(anonymous_21)","decl":{"start":{"line":383,"column":18},"end":{"line":383,"column":19}},"loc":{"start":{"line":383,"column":42},"end":{"line":383,"column":null}}},"7":{"name":"(anonymous_22)","decl":{"start":{"line":392,"column":17},"end":{"line":392,"column":18}},"loc":{"start":{"line":392,"column":41},"end":{"line":392,"column":null}}}},"branchMap":{"0":{"loc":{"start":{"line":197,"column":2},"end":{"line":197,"column":13}},"type":"default-arg","locations":[{"start":{"line":197,"column":9},"end":{"line":197,"column":13}}]},"1":{"loc":{"start":{"line":198,"column":2},"end":{"line":198,"column":19}},"type":"default-arg","locations":[{"start":{"line":198,"column":12},"end":{"line":198,"column":19}}]},"2":{"loc":{"start":{"line":200,"column":2},"end":{"line":200,"column":15}},"type":"default-arg","locations":[{"start":{"line":200,"column":11},"end":{"line":200,"column":15}}]},"3":{"loc":{"start":{"line":201,"column":2},"end":{"line":201,"column":19}},"type":"default-arg","locations":[{"start":{"line":201,"column":14},"end":{"line":201,"column":19}}]},"4":{"loc":{"start":{"line":215,"column":21},"end":{"line":215,"column":null}},"type":"cond-expr","locations":[{"start":{"line":215,"column":33},"end":{"line":215,"column":44}},{"start":{"line":215,"column":44},"end":{"line":215,"column":null}}]},"5":{"loc":{"start":{"line":219,"column":2},"end":{"line":233,"column":null}},"type":"if","locations":[{"start":{"line":219,"column":2},"end":{"line":233,"column":null}},{"start":{"line":226,"column":9},"end":{"line":233,"column":null}}]},"6":{"loc":{"start":{"line":220,"column":4},"end":{"line":225,"column":null}},"type":"if","locations":[{"start":{"line":220,"column":4},"end":{"line":225,"column":null}},{"start":{"line":222,"column":11},"end":{"line":225,"column":null}}]},"7":{"loc":{"start":{"line":222,"column":11},"end":{"line":225,"column":null}},"type":"if","locations":[{"start":{"line":222,"column":11},"end":{"line":225,"column":null}},{"start":{},"end":{}}]},"8":{"loc":{"start":{"line":228,"column":4},"end":{"line":232,"column":null}},"type":"if","locations":[{"start":{"line":228,"column":4},"end":{"line":232,"column":null}},{"start":{"line":230,"column":11},"end":{"line":232,"column":null}}]},"9":{"loc":{"start":{"line":230,"column":11},"end":{"line":232,"column":null}},"type":"if","locations":[{"start":{"line":230,"column":11},"end":{"line":232,"column":null}},{"start":{},"end":{}}]},"10":{"loc":{"start":{"line":242,"column":2},"end":{"line":242,"column":13}},"type":"default-arg","locations":[{"start":{"line":242,"column":9},"end":{"line":242,"column":13}}]},"11":{"loc":{"start":{"line":243,"column":2},"end":{"line":243,"column":19}},"type":"default-arg","locations":[{"start":{"line":243,"column":12},"end":{"line":243,"column":19}}]},"12":{"loc":{"start":{"line":244,"column":2},"end":{"line":244,"column":19}},"type":"default-arg","locations":[{"start":{"line":244,"column":10},"end":{"line":244,"column":19}}]},"13":{"loc":{"start":{"line":245,"column":2},"end":{"line":245,"column":15}},"type":"default-arg","locations":[{"start":{"line":245,"column":11},"end":{"line":245,"column":15}}]},"14":{"loc":{"start":{"line":246,"column":2},"end":{"line":246,"column":18}},"type":"default-arg","locations":[{"start":{"line":246,"column":14},"end":{"line":246,"column":18}}]},"15":{"loc":{"start":{"line":260,"column":21},"end":{"line":260,"column":null}},"type":"cond-expr","locations":[{"start":{"line":260,"column":33},"end":{"line":260,"column":44}},{"start":{"line":260,"column":44},"end":{"line":260,"column":null}}]},"16":{"loc":{"start":{"line":269,"column":2},"end":{"line":269,"column":13}},"type":"default-arg","locations":[{"start":{"line":269,"column":9},"end":{"line":269,"column":13}}]},"17":{"loc":{"start":{"line":270,"column":2},"end":{"line":270,"column":19}},"type":"default-arg","locations":[{"start":{"line":270,"column":12},"end":{"line":270,"column":19}}]},"18":{"loc":{"start":{"line":272,"column":2},"end":{"line":272,"column":15}},"type":"default-arg","locations":[{"start":{"line":272,"column":11},"end":{"line":272,"column":15}}]},"19":{"loc":{"start":{"line":273,"column":2},"end":{"line":273,"column":15}},"type":"default-arg","locations":[{"start":{"line":273,"column":11},"end":{"line":273,"column":15}}]},"20":{"loc":{"start":{"line":274,"column":2},"end":{"line":274,"column":21}},"type":"default-arg","locations":[{"start":{"line":274,"column":16},"end":{"line":274,"column":21}}]},"21":{"loc":{"start":{"line":289,"column":27},"end":{"line":289,"column":null}},"type":"cond-expr","locations":[{"start":{"line":289,"column":41},"end":{"line":289,"column":85}},{"start":{"line":289,"column":88},"end":{"line":289,"column":null}}]},"22":{"loc":{"start":{"line":293,"column":2},"end":{"line":295,"column":null}},"type":"if","locations":[{"start":{"line":293,"column":2},"end":{"line":295,"column":null}},{"start":{},"end":{}}]},"23":{"loc":{"start":{"line":293,"column":6},"end":{"line":293,"column":41}},"type":"binary-expr","locations":[{"start":{"line":293,"column":6},"end":{"line":293,"column":18}},{"start":{"line":293,"column":18},"end":{"line":293,"column":41}}]},"24":{"loc":{"start":{"line":304,"column":2},"end":{"line":304,"column":13}},"type":"default-arg","locations":[{"start":{"line":304,"column":9},"end":{"line":304,"column":13}}]},"25":{"loc":{"start":{"line":305,"column":2},"end":{"line":305,"column":19}},"type":"default-arg","locations":[{"start":{"line":305,"column":12},"end":{"line":305,"column":19}}]},"26":{"loc":{"start":{"line":307,"column":2},"end":{"line":307,"column":17}},"type":"default-arg","locations":[{"start":{"line":307,"column":11},"end":{"line":307,"column":17}}]},"27":{"loc":{"start":{"line":322,"column":2},"end":{"line":338,"column":null}},"type":"if","locations":[{"start":{"line":322,"column":2},"end":{"line":338,"column":null}},{"start":{"line":331,"column":9},"end":{"line":338,"column":null}}]},"28":{"loc":{"start":{"line":323,"column":4},"end":{"line":330,"column":null}},"type":"if","locations":[{"start":{"line":323,"column":4},"end":{"line":330,"column":null}},{"start":{"line":325,"column":11},"end":{"line":330,"column":null}}]},"29":{"loc":{"start":{"line":325,"column":11},"end":{"line":330,"column":null}},"type":"if","locations":[{"start":{"line":325,"column":11},"end":{"line":330,"column":null}},{"start":{"line":328,"column":11},"end":{"line":330,"column":null}}]},"30":{"loc":{"start":{"line":328,"column":11},"end":{"line":330,"column":null}},"type":"if","locations":[{"start":{"line":328,"column":11},"end":{"line":330,"column":null}},{"start":{},"end":{}}]},"31":{"loc":{"start":{"line":333,"column":4},"end":{"line":337,"column":null}},"type":"if","locations":[{"start":{"line":333,"column":4},"end":{"line":337,"column":null}},{"start":{"line":335,"column":11},"end":{"line":337,"column":null}}]},"32":{"loc":{"start":{"line":335,"column":11},"end":{"line":337,"column":null}},"type":"if","locations":[{"start":{"line":335,"column":11},"end":{"line":337,"column":null}},{"start":{},"end":{}}]},"33":{"loc":{"start":{"line":347,"column":2},"end":{"line":347,"column":13}},"type":"default-arg","locations":[{"start":{"line":347,"column":9},"end":{"line":347,"column":13}}]},"34":{"loc":{"start":{"line":348,"column":2},"end":{"line":348,"column":17}},"type":"default-arg","locations":[{"start":{"line":348,"column":11},"end":{"line":348,"column":17}}]},"35":{"loc":{"start":{"line":365,"column":2},"end":{"line":365,"column":13}},"type":"default-arg","locations":[{"start":{"line":365,"column":9},"end":{"line":365,"column":13}}]}},"s":{"0":0,"1":0,"2":0,"3":0,"4":0,"5":0,"6":0,"7":0,"8":0,"9":0,"10":0,"11":0,"12":0,"13":0,"14":0,"15":0,"16":0,"17":0,"18":0,"19":0,"20":0,"21":0,"22":0,"23":0,"24":0,"25":0,"26":0,"27":0,"28":0,"29":0,"30":0,"31":0,"32":0,"33":0,"34":0,"35":0,"36":0,"37":0,"38":0,"39":0,"40":0,"41":0,"42":0,"43":0,"44":0,"45":0,"46":0,"47":0,"48":0,"49":0,"50":0,"51":0,"52":0,"53":0,"54":0,"55":0,"56":0,"57":0,"58":0,"59":0,"60":0,"61":0,"62":0,"63":0,"64":0,"65":0,"66":0,"67":0,"68":0,"69":0,"70":0,"71":0,"72":0,"73":0,"74":0,"75":0,"76":0,"77":0,"78":0,"79":0,"80":0,"81":0,"82":0,"83":0,"84":0,"85":0,"86":0,"87":0,"88":0,"89":0,"90":0},"f":{"0":0,"1":0,"2":0,"3":0,"4":0,"5":0,"6":0,"7":0},"b":{"0":[0],"1":[0],"2":[0],"3":[0],"4":[0,0],"5":[0,0],"6":[0,0],"7":[0,0],"8":[0,0],"9":[0,0],"10":[0],"11":[0],"12":[0],"13":[0],"14":[0],"15":[0,0],"16":[0],"17":[0],"18":[0],"19":[0],"20":[0],"21":[0,0],"22":[0,0],"23":[0,0],"24":[0],"25":[0],"26":[0],"27":[0,0],"28":[0,0],"29":[0,0],"30":[0,0],"31":[0,0],"32":[0,0],"33":[0],"34":[0],"35":[0]}},"/Users/theeskapeum/Documents/augment-projects/OneDettyDecember/platform/src/lib/icon-system.ts":{"path":"/Users/theeskapeum/Documents/augment-projects/OneDettyDecember/platform/src/lib/icon-system.ts","statementMap":{"0":{"start":{"line":312,"column":13},"end":{"line":312,"column":33}},"1":{"start":{"line":324,"column":13},"end":{"line":324,"column":34}},"2":{"start":{"line":82,"column":13},"end":{"line":82,"column":28}},"3":{"start":{"line":100,"column":13},"end":{"line":100,"column":28}},"4":{"start":{"line":74,"column":13},"end":{"line":74,"column":27}},"5":{"start":{"line":333,"column":13},"end":{"line":333,"column":34}},"6":{"start":{"line":356,"column":13},"end":{"line":356,"column":30}},"7":{"start":{"line":33,"column":13},"end":{"line":33,"column":26}},"8":{"start":{"line":275,"column":13},"end":{"line":275,"column":28}},"9":{"start":{"line":124,"column":13},"end":{"line":124,"column":24}},"10":{"start":{"line":22,"column":13},"end":{"line":22,"column":25}},"11":{"start":{"line":4,"column":42},"end":{"line":4,"column":null}},"12":{"start":{"line":5,"column":48},"end":{"line":5,"column":null}},"13":{"start":{"line":22,"column":25},"end":{"line":28,"column":null}},"14":{"start":{"line":33,"column":26},"end":{"line":58,"column":null}},"15":{"start":{"line":74,"column":27},"end":{"line":77,"column":null}},"16":{"start":{"line":75,"column":2},"end":{"line":75,"column":null}},"17":{"start":{"line":75,"column":32},"end":{"line":75,"column":null}},"18":{"start":{"line":76,"column":2},"end":{"line":76,"column":null}},"19":{"start":{"line":82,"column":28},"end":{"line":95,"column":null}},"20":{"start":{"line":84,"column":2},"end":{"line":86,"column":null}},"21":{"start":{"line":85,"column":4},"end":{"line":85,"column":null}},"22":{"start":{"line":89,"column":2},"end":{"line":91,"column":null}},"23":{"start":{"line":90,"column":4},"end":{"line":90,"column":null}},"24":{"start":{"line":94,"column":2},"end":{"line":94,"column":null}},"25":{"start":{"line":100,"column":28},"end":{"line":118,"column":null}},"26":{"start":{"line":112,"column":2},"end":{"line":117,"column":null}},"27":{"start":{"line":124,"column":24},"end":{"line":270,"column":null}},"28":{"start":{"line":275,"column":28},"end":{"line":306,"column":null}},"29":{"start":{"line":277,"column":60},"end":{"line":279,"column":null}},"30":{"start":{"line":282,"column":38},"end":{"line":284,"column":null}},"31":{"start":{"line":287,"column":39},"end":{"line":289,"column":null}},"32":{"start":{"line":292,"column":37},"end":{"line":294,"column":null}},"33":{"start":{"line":297,"column":37},"end":{"line":299,"column":null}},"34":{"start":{"line":302,"column":39},"end":{"line":305,"column":null}},"35":{"start":{"line":312,"column":33},"end":{"line":319,"column":null}},"36":{"start":{"line":313,"column":20},"end":{"line":313,"column":null}},"37":{"start":{"line":315,"column":2},"end":{"line":318,"column":null}},"38":{"start":{"line":324,"column":34},"end":{"line":328,"column":null}},"39":{"start":{"line":333,"column":34},"end":{"line":351,"column":null}},"40":{"start":{"line":339,"column":2},"end":{"line":341,"column":null}},"41":{"start":{"line":340,"column":4},"end":{"line":340,"column":null}},"42":{"start":{"line":344,"column":2},"end":{"line":348,"column":null}},"43":{"start":{"line":345,"column":4},"end":{"line":345,"column":null}},"44":{"start":{"line":345,"column":29},"end":{"line":345,"column":null}},"45":{"start":{"line":346,"column":4},"end":{"line":346,"column":null}},"46":{"start":{"line":346,"column":31},"end":{"line":346,"column":null}},"47":{"start":{"line":347,"column":4},"end":{"line":347,"column":null}},"48":{"start":{"line":347,"column":30},"end":{"line":347,"column":null}},"49":{"start":{"line":350,"column":2},"end":{"line":350,"column":null}},"50":{"start":{"line":356,"column":30},"end":{"line":365,"column":null}}},"fnMap":{"0":{"name":"(anonymous_12)","decl":{"start":{"line":74,"column":27},"end":{"line":74,"column":28}},"loc":{"start":{"line":74,"column":28},"end":{"line":77,"column":null}}},"1":{"name":"(anonymous_13)","decl":{"start":{"line":82,"column":28},"end":{"line":82,"column":29}},"loc":{"start":{"line":82,"column":71},"end":{"line":95,"column":null}}},"2":{"name":"(anonymous_14)","decl":{"start":{"line":100,"column":28},"end":{"line":100,"column":29}},"loc":{"start":{"line":106,"column":17},"end":{"line":118,"column":null}}},"3":{"name":"(anonymous_15)","decl":{"start":{"line":277,"column":16},"end":{"line":277,"column":17}},"loc":{"start":{"line":277,"column":60},"end":{"line":279,"column":null}}},"4":{"name":"(anonymous_16)","decl":{"start":{"line":282,"column":14},"end":{"line":282,"column":15}},"loc":{"start":{"line":282,"column":38},"end":{"line":284,"column":null}}},"5":{"name":"(anonymous_17)","decl":{"start":{"line":287,"column":15},"end":{"line":287,"column":16}},"loc":{"start":{"line":287,"column":39},"end":{"line":289,"column":null}}},"6":{"name":"(anonymous_18)","decl":{"start":{"line":292,"column":13},"end":{"line":292,"column":14}},"loc":{"start":{"line":292,"column":37},"end":{"line":294,"column":null}}},"7":{"name":"(anonymous_19)","decl":{"start":{"line":297,"column":13},"end":{"line":297,"column":14}},"loc":{"start":{"line":297,"column":37},"end":{"line":299,"column":null}}},"8":{"name":"(anonymous_20)","decl":{"start":{"line":302,"column":15},"end":{"line":302,"column":16}},"loc":{"start":{"line":302,"column":39},"end":{"line":305,"column":null}}},"9":{"name":"(anonymous_21)","decl":{"start":{"line":312,"column":33},"end":{"line":312,"column":34}},"loc":{"start":{"line":312,"column":75},"end":{"line":319,"column":null}}},"10":{"name":"(anonymous_22)","decl":{"start":{"line":333,"column":34},"end":{"line":333,"column":null}},"loc":{"start":{"line":336,"column":2},"end":{"line":351,"column":null}}}},"branchMap":{"0":{"loc":{"start":{"line":75,"column":2},"end":{"line":75,"column":null}},"type":"if","locations":[{"start":{"line":75,"column":2},"end":{"line":75,"column":null}},{"start":{},"end":{}}]},"1":{"loc":{"start":{"line":76,"column":19},"end":{"line":76,"column":32}},"type":"binary-expr","locations":[{"start":{"line":76,"column":19},"end":{"line":76,"column":27}},{"start":{"line":76,"column":27},"end":{"line":76,"column":32}}]},"2":{"loc":{"start":{"line":84,"column":2},"end":{"line":86,"column":null}},"type":"if","locations":[{"start":{"line":84,"column":2},"end":{"line":86,"column":null}},{"start":{},"end":{}}]},"3":{"loc":{"start":{"line":89,"column":2},"end":{"line":91,"column":null}},"type":"if","locations":[{"start":{"line":89,"column":2},"end":{"line":91,"column":null}},{"start":{},"end":{}}]},"4":{"loc":{"start":{"line":89,"column":6},"end":{"line":89,"column":36}},"type":"binary-expr","locations":[{"start":{"line":89,"column":6},"end":{"line":89,"column":15}},{"start":{"line":89,"column":15},"end":{"line":89,"column":36}}]},"5":{"loc":{"start":{"line":94,"column":9},"end":{"line":94,"column":36}},"type":"binary-expr","locations":[{"start":{"line":94,"column":9},"end":{"line":94,"column":18}},{"start":{"line":94,"column":18},"end":{"line":94,"column":36}}]},"6":{"loc":{"start":{"line":100,"column":29},"end":{"line":106,"column":17}},"type":"default-arg","locations":[{"start":{"line":106,"column":15},"end":{"line":106,"column":17}}]},"7":{"loc":{"start":{"line":101,"column":2},"end":{"line":101,"column":13}},"type":"default-arg","locations":[{"start":{"line":101,"column":9},"end":{"line":101,"column":13}}]},"8":{"loc":{"start":{"line":104,"column":2},"end":{"line":104,"column":16}},"type":"default-arg","locations":[{"start":{"line":104,"column":14},"end":{"line":104,"column":16}}]},"9":{"loc":{"start":{"line":105,"column":2},"end":{"line":105,"column":17}},"type":"default-arg","locations":[{"start":{"line":105,"column":16},"end":{"line":105,"column":17}}]},"10":{"loc":{"start":{"line":115,"column":41},"end":{"line":115,"column":80}},"type":"cond-expr","locations":[{"start":{"line":115,"column":68},"end":{"line":115,"column":75}},{"start":{"line":115,"column":75},"end":{"line":115,"column":80}}]},"11":{"loc":{"start":{"line":277,"column":37},"end":{"line":277,"column":54}},"type":"default-arg","locations":[{"start":{"line":277,"column":50},"end":{"line":277,"column":54}}]},"12":{"loc":{"start":{"line":282,"column":15},"end":{"line":282,"column":32}},"type":"default-arg","locations":[{"start":{"line":282,"column":28},"end":{"line":282,"column":32}}]},"13":{"loc":{"start":{"line":287,"column":16},"end":{"line":287,"column":33}},"type":"default-arg","locations":[{"start":{"line":287,"column":29},"end":{"line":287,"column":33}}]},"14":{"loc":{"start":{"line":292,"column":14},"end":{"line":292,"column":31}},"type":"default-arg","locations":[{"start":{"line":292,"column":27},"end":{"line":292,"column":31}}]},"15":{"loc":{"start":{"line":297,"column":14},"end":{"line":297,"column":31}},"type":"default-arg","locations":[{"start":{"line":297,"column":27},"end":{"line":297,"column":31}}]},"16":{"loc":{"start":{"line":302,"column":16},"end":{"line":302,"column":33}},"type":"default-arg","locations":[{"start":{"line":302,"column":29},"end":{"line":302,"column":33}}]},"17":{"loc":{"start":{"line":312,"column":54},"end":{"line":312,"column":75}},"type":"default-arg","locations":[{"start":{"line":312,"column":73},"end":{"line":312,"column":75}}]},"18":{"loc":{"start":{"line":339,"column":2},"end":{"line":341,"column":null}},"type":"if","locations":[{"start":{"line":339,"column":2},"end":{"line":341,"column":null}},{"start":{},"end":{}}]},"19":{"loc":{"start":{"line":344,"column":2},"end":{"line":348,"column":null}},"type":"if","locations":[{"start":{"line":344,"column":2},"end":{"line":348,"column":null}},{"start":{},"end":{}}]},"20":{"loc":{"start":{"line":344,"column":6},"end":{"line":344,"column":23}},"type":"binary-expr","locations":[{"start":{"line":344,"column":6},"end":{"line":344,"column":16}},{"start":{"line":344,"column":16},"end":{"line":344,"column":23}}]},"21":{"loc":{"start":{"line":345,"column":4},"end":{"line":345,"column":null}},"type":"if","locations":[{"start":{"line":345,"column":4},"end":{"line":345,"column":null}},{"start":{},"end":{}}]},"22":{"loc":{"start":{"line":346,"column":4},"end":{"line":346,"column":null}},"type":"if","locations":[{"start":{"line":346,"column":4},"end":{"line":346,"column":null}},{"start":{},"end":{}}]},"23":{"loc":{"start":{"line":347,"column":4},"end":{"line":347,"column":null}},"type":"if","locations":[{"start":{"line":347,"column":4},"end":{"line":347,"column":null}},{"start":{},"end":{}}]}},"s":{"0":0,"1":0,"2":0,"3":0,"4":0,"5":0,"6":0,"7":0,"8":0,"9":0,"10":0,"11":0,"12":0,"13":0,"14":0,"15":0,"16":0,"17":0,"18":0,"19":0,"20":0,"21":0,"22":0,"23":0,"24":0,"25":0,"26":0,"27":0,"28":0,"29":0,"30":0,"31":0,"32":0,"33":0,"34":0,"35":0,"36":0,"37":0,"38":0,"39":0,"40":0,"41":0,"42":0,"43":0,"44":0,"45":0,"46":0,"47":0,"48":0,"49":0,"50":0},"f":{"0":0,"1":0,"2":0,"3":0,"4":0,"5":0,"6":0,"7":0,"8":0,"9":0,"10":0},"b":{"0":[0,0],"1":[0,0],"2":[0,0],"3":[0,0],"4":[0,0],"5":[0,0],"6":[0],"7":[0],"8":[0],"9":[0],"10":[0,0],"11":[0],"12":[0],"13":[0],"14":[0],"15":[0],"16":[0],"17":[0],"18":[0,0],"19":[0,0],"20":[0,0],"21":[0,0],"22":[0,0],"23":[0,0]}}}}
